Using pre-set license
Built from '2022.2/staging' branch; Version is '2022.2.15f1 (30d813e1a2a9) revision 3201043'; Using compiler version '192829333'; Build Type 'Release'
OS: 'Windows 10  (10.0.19045) 64bit Professional' Language: 'ko' Physical Memory: 32702 MB
BatchMode: 1, IsHumanControllingUs: 0, StartBugReporterOnCrash: 0, Is64bit: 1, IsPro: 1

COMMAND LINE ARGUMENTS:
C:\Program Files\Unity\Hub\Editor\2022.2.15f1\Editor\Unity.exe
-adb2
-batchMode
-noUpm
-name
AssetImportWorker0
-projectPath
C:/Users/danij/Desktop/Dev/HexaBlast/HexaBlast
-logFile
Logs/AssetImportWorker0.log
-srvPort
14722
Successfully changed project path to: C:/Users/danij/Desktop/Dev/HexaBlast/HexaBlast
C:/Users/danij/Desktop/Dev/HexaBlast/HexaBlast
[UnityMemory] Configuration Parameters - Can be set up in boot.config
    "memorysetup-bucket-allocator-granularity=16"
    "memorysetup-bucket-allocator-bucket-count=8"
    "memorysetup-bucket-allocator-block-size=33554432"
    "memorysetup-bucket-allocator-block-count=8"
    "memorysetup-main-allocator-block-size=16777216"
    "memorysetup-thread-allocator-block-size=16777216"
    "memorysetup-gfx-main-allocator-block-size=16777216"
    "memorysetup-gfx-thread-allocator-block-size=16777216"
    "memorysetup-cache-allocator-block-size=4194304"
    "memorysetup-typetree-allocator-block-size=2097152"
    "memorysetup-profiler-bucket-allocator-granularity=16"
    "memorysetup-profiler-bucket-allocator-bucket-count=8"
    "memorysetup-profiler-bucket-allocator-block-size=33554432"
    "memorysetup-profiler-bucket-allocator-block-count=8"
    "memorysetup-profiler-allocator-block-size=16777216"
    "memorysetup-profiler-editor-allocator-block-size=1048576"
    "memorysetup-temp-allocator-size-main=16777216"
    "memorysetup-job-temp-allocator-block-size=2097152"
    "memorysetup-job-temp-allocator-block-size-background=1048576"
    "memorysetup-job-temp-allocator-reduction-small-platforms=262144"
    "memorysetup-temp-allocator-size-background-worker=32768"
    "memorysetup-temp-allocator-size-job-worker=262144"
    "memorysetup-temp-allocator-size-preload-manager=33554432"
    "memorysetup-temp-allocator-size-nav-mesh-worker=65536"
    "memorysetup-temp-allocator-size-audio-worker=65536"
    "memorysetup-temp-allocator-size-cloud-worker=32768"
    "memorysetup-temp-allocator-size-gi-baking-worker=262144"
    "memorysetup-temp-allocator-size-gfx=262144"
Player connection [20532] Host "[IP] 59.17.174.85 [Port] 0 [Flags] 2 [Guid] 3209060657 [EditorId] 3209060657 [Version] 1048832 [Id] WindowsEditor(7,DESKTOP-9M15E11) [Debug] 1 [PackageName] WindowsEditor [ProjectName] Editor" joined multi-casting on [225.0.0.222:54997]...

Player connection [20532] Host "[IP] 59.17.174.85 [Port] 0 [Flags] 2 [Guid] 3209060657 [EditorId] 3209060657 [Version] 1048832 [Id] WindowsEditor(7,DESKTOP-9M15E11) [Debug] 1 [PackageName] WindowsEditor [ProjectName] Editor" joined alternative multi-casting on [225.0.0.222:34997]...

Refreshing native plugins compatible for Editor in 17.16 ms, found 4 plugins.
Preloading 0 native plugins for Editor in 0.00 ms.
Initialize engine version: 2022.2.15f1 (30d813e1a2a9)
[Subsystems] Discovering subsystems at path C:/Program Files/Unity/Hub/Editor/2022.2.15f1/Editor/Data/Resources/UnitySubsystems
[Subsystems] Discovering subsystems at path C:/Users/danij/Desktop/Dev/HexaBlast/HexaBlast/Assets
GfxDevice: creating device client; threaded=0; jobified=0
Direct3D:
    Version:  Direct3D 11.0 [level 11.1]
    Renderer: NVIDIA GeForce RTX 2070 (ID=0x1f07)
    Vendor:   NVIDIA
    VRAM:     8019 MB
    Driver:   31.0.15.2756
Initialize mono
Mono path[0] = 'C:/Program Files/Unity/Hub/Editor/2022.2.15f1/Editor/Data/Managed'
Mono path[1] = 'C:/Program Files/Unity/Hub/Editor/2022.2.15f1/Editor/Data/MonoBleedingEdge/lib/mono/unityjit-win32'
Mono config path = 'C:/Program Files/Unity/Hub/Editor/2022.2.15f1/Editor/Data/MonoBleedingEdge/etc'
Using monoOptions --debugger-agent=transport=dt_socket,embedding=1,server=y,suspend=n,address=127.0.0.1:56940
Begin MonoManager ReloadAssembly
Registering precompiled unity dll's ...
Register platform support module: C:/Program Files/Unity/Hub/Editor/2022.2.15f1/Editor/Data/PlaybackEngines/AndroidPlayer/UnityEditor.Android.Extensions.dll
Register platform support module: C:/Program Files/Unity/Hub/Editor/2022.2.15f1/Editor/Data/PlaybackEngines/iOSSupport/UnityEditor.iOS.Extensions.dll
Register platform support module: C:/Program Files/Unity/Hub/Editor/2022.2.15f1/Editor/Data/PlaybackEngines/WindowsStandaloneSupport/UnityEditor.WindowsStandalone.Extensions.dll
Registered in 0.016904 seconds.
- Loaded All Assemblies, in  0.455 seconds
Native extension for WindowsStandalone target not found
[usbmuxd] Start listen thread
[usbmuxd] Listen thread started
Native extension for iOS target not found
Native extension for Android target not found
Android Extension - Scanning For ADB Devices 442 ms
Mono: successfully reloaded assembly
- Finished resetting the current domain, in  0.821 seconds
Domain Reload Profiling:
	ReloadAssembly (252ms)
		BeginReloadAssembly (114ms)
			ExecutionOrderSort (0ms)
			DisableScriptedObjects (0ms)
			BackupInstance (0ms)
			ReleaseScriptingObjects (0ms)
			CreateAndSetChildDomain (1ms)
		LoadAllAssembliesAndSetupDomain (0ms)
			LoadAssemblies (113ms)
			RebuildTransferFunctionScriptingTraits (0ms)
			SetupTypeCache (185ms)
				TypeCache.Initialize (184ms)
					TypeCache.ScanAssembly (183ms)
				ResolveRequiredComponents (0ms)
		FinalizeReload (0ms)
			ReleaseScriptCaches (0ms)
			RebuildScriptCaches (0ms)
			SetupLoadedEditorAssemblies (752ms)
				LogAssemblyErrors (0ms)
				InitializePlatformSupportModulesInManaged (576ms)
				SetLoadedEditorAssemblies (5ms)
				RefreshPlugins (0ms)
				BeforeProcessingInitializeOnLoad (1ms)
				ProcessInitializeOnLoadAttributes (106ms)
				ProcessInitializeOnLoadMethodAttributes (64ms)
				AfterProcessingInitializeOnLoad (0ms)
				EditorAssembliesLoaded (0ms)
			ExecutionOrderSort2 (0ms)
			AwakeInstancesAfterBackupRestoration (0ms)
========================================================================
Worker process is ready to serve import requests
Begin MonoManager ReloadAssembly
Symbol file LoadedFromMemory doesn't match image C:\Users\danij\Desktop\Dev\HexaBlast\HexaBlast\Library\PackageCache\com.unity.visualscripting@1.8.0\Editor\VisualScripting.Core\Dependencies\YamlDotNet\Unity.VisualScripting.YamlDotNet.dll
Symbol file LoadedFromMemory doesn't match image C:\Users\danij\Desktop\Dev\HexaBlast\HexaBlast\Library\PackageCache\com.unity.visualscripting@1.8.0\Editor\VisualScripting.Core\Dependencies\DotNetZip\Unity.VisualScripting.IonicZip.dll
- Loaded All Assemblies, in  0.981 seconds
Refreshing native plugins compatible for Editor in 6.05 ms, found 4 plugins.
Native extension for WindowsStandalone target not found
Native extension for iOS target not found
Native extension for Android target not found
Mono: successfully reloaded assembly
- Finished resetting the current domain, in  0.692 seconds
Domain Reload Profiling:
	ReloadAssembly (246ms)
		BeginReloadAssembly (149ms)
			ExecutionOrderSort (0ms)
			DisableScriptedObjects (5ms)
			BackupInstance (0ms)
			ReleaseScriptingObjects (0ms)
			CreateAndSetChildDomain (22ms)
		LoadAllAssembliesAndSetupDomain (730ms)
			LoadAssemblies (396ms)
			RebuildTransferFunctionScriptingTraits (0ms)
			SetupTypeCache (407ms)
				TypeCache.Initialize (354ms)
					TypeCache.ScanAssembly (348ms)
				ResolveRequiredComponents (14ms)
		FinalizeReload (0ms)
			ReleaseScriptCaches (0ms)
			RebuildScriptCaches (0ms)
			SetupLoadedEditorAssemblies (498ms)
				LogAssemblyErrors (0ms)
				InitializePlatformSupportModulesInManaged (35ms)
				SetLoadedEditorAssemblies (5ms)
				RefreshPlugins (0ms)
				BeforeProcessingInitializeOnLoad (96ms)
				ProcessInitializeOnLoadAttributes (275ms)
				ProcessInitializeOnLoadMethodAttributes (76ms)
				AfterProcessingInitializeOnLoad (11ms)
				EditorAssembliesLoaded (0ms)
			ExecutionOrderSort2 (0ms)
			AwakeInstancesAfterBackupRestoration (27ms)
Launched and connected shader compiler UnityShaderCompiler.exe after 0.05 seconds
Refreshing native plugins compatible for Editor in 10.02 ms, found 4 plugins.
Preloading 0 native plugins for Editor in 0.00 ms.
Unloading 5893 Unused Serialized files (Serialized files now loaded: 0)
Unloading 102 unused Assets / (1.0 MB). Loaded Objects now: 6344.
Memory consumption went from 266.9 MB to 265.9 MB.
Total: 4.286800 ms (FindLiveObjects: 0.467000 ms CreateObjectMapping: 0.493900 ms MarkObjects: 2.868200 ms  DeleteObjects: 0.456900 ms)

AssetImportParameters requested are different than current active one (requested -> active):
  custom:scripting/monoscript/fileName/TestsCallback.cs: 6648df980912e96eaae5c39374242936 -> 420027d2a6ccaf7376f849b0f965edcd
  custom:scripting/monoscript/fileName/ProjectPart.cs: fa153b81a1be75d157e4b8a3e4771fc2 -> e09789f5d21ec839c23f3a2c8c340a5a
  custom:scripting/monoscript/fileName/SolutionGuidGenerator.cs: fff5e43ac88ff72f14745857eb692caa -> 39a21c4f5e351b9b4a2916e800641a4a
  custom:container-demuxer-ogg: 62fdf1f143b41e24485cea50d1cbac27 -> 
  custom:video-decoder-ogg-theora: a1e56fd34408186e4bbccfd4996cb3dc -> 
  custom:scripting/monoscript/fileName/CommandLineParser.cs: a5ce035a20fc026f12db6b796b898d65 -> 25c8ce1c1ecf3aba3903da1187b88166
  custom:scripting/monoscript/fileName/RiderScriptEditor.cs: 4a0f526f1b31c7d9c331714a284a6791 -> 4ddd2581343451de6f696adaf8c0958f
  custom:framework-win-MediaFoundation: 216162199b28c13a410421893ffa2e32 -> 
  custom:scripting/monoscript/fileName/LastWriteTracker.cs: e117305b6c922c0adb79679b01fac2c8 -> c78bd5b4fa28ac60ca7ed50f9c2b99d2
  custom:scripting/monoscript/fileName/RiderStyles.cs: cd129c7ac3790ffa53f73149c91a781a -> 871a958d95b29e48af876a5d411c626a
  custom:scripting/monoscript/fileName/RiderInitializer.cs: 68ef77945a5c56741cb9a0219dfe7657 -> d44ce07d40dcd4d066b6c1c8d08f3519
  custom:scripting/monoscript/fileName/TestEvent.cs: 600966b5c87333333e8aa4555a03efa6 -> ff94f6973aa3f0db280f3ed0b7577e48
  custom:scripting/monoscript/fileName/IFileIO.cs: f591b2fd0e7a5b3d1b89896fce5380e7 -> d1715877724f6e7813b95bae6fbc24d5
  custom:scripting/monoscript/fileName/ProjectGeneration.cs: 5369d873b23a6ef259aed3457e422bfa -> 9a60ae906ea060222f7967033c27f7ed
  custom:scripting/monoscript/fileName/RiderPathUtil.cs: b3d293b09b57cc7b91d500a8b861ad70 -> a77167e74e3a3d01856e2c8265c09e64
  custom:container-demuxer-webm: 4f35f7cbe854078d1ac9338744f61a02 -> 
  custom:scripting/monoscript/fileName/SyncTestRunCallback.cs: 6109fbb45740725119ed9609ae2cb6ab -> 0f406f4b09f3b7bd1bfd8f867df2e978
  custom:scripting/monoscript/fileName/CallbackInitializer.cs: d227e453fc55ff33477a0f8f90826257 -> b6cad195ed4890ee7aed8c4de2807157
  custom:scripting/monoscript/fileName/SyncTestRunEventsHandler.cs: a9e2807330a6f2c36d667ee1a2c4f414 -> 9ebe337aca2d71ac02fccc5c886e0668
  custom:scripting/monoscript/fileName/StringUtils.cs: 200f5307597eeab8c00b86aef1ee800c -> 2be5fb51e6f0660c955416f4d8f6f7ad
  custom:scripting/monoscript/fileName/IGenerator.cs: e53c624814a84a932e0860f584f7deb9 -> 7460422a7cf0a449df86606b185ffb0e
  custom:scripting/monoscript/fileName/IAssemblyNameProvider.cs: de79d586ca221e8ac344be669ec25f7e -> 005dc9d9c07dc825fea94e0fbc841e20
  custom:scripting/monoscript/fileName/GUIDProvider.cs: 27f6b36734be7c6510b3f0cc4a697fc7 -> cdd3f47e4fe593d2dfdf9915fa537e3f
  custom:container-muxer-webm: aa71ff27fc2769a1b78a27578f13a17b -> 
  custom:scripting/monoscript/fileName/IGUIDGenerator.cs: 153317bb7bf55f081a729ef02e3a13bd -> bad2c2e3b2dbec33c36bdfd6fc903e19
  custom:video-decoder-webm-vp8: 9c59270c3fd7afecdb556c50c9e8de78 -> 
  custom:scripting/monoscript/fileName/RiderAssetPostprocessor.cs: e6ad4f374cd20986773f123ef82b628b -> e95044eb94149eee30f5192e36c02104
  custom:scripting/monoscript/fileName/SerializableVersion.cs: 37d1dc623e9e336a7d92f02239a5eea0 -> 66cf30c0372dc35aea960f71af56ff8a
  custom:AudioImporter_EditorPlatform: d09bf68614088b80899f8185d706f6e7 -> 
  custom:scripting/monoscript/fileName/RiderMenu.cs: 2f14cf7eed9a2ad63962ab0ec2641b7b -> a430c0ff873704a92fbd3fa96f173c8d
  custom:scripting/monoscript/fileName/Discovery.cs: 4965ec8144dbbdacdf8182eec43c07e4 -> fd3ef4968f52e76fbead1b2807cd115f
  custom:scripting/monoscript/fileName/FileIOProvider.cs: cd91aaa86c461e807d984ea50a1f782b -> 304525d180d2b661ce338fc8a3225752
  custom:scripting/monoscript/fileName/FileSystemUtil.cs: 6856b263874916a35e9cabf0faa6bad8 -> 3a1d37ca0015bdfbd542c903cf738043
  custom:scripting/monoscript/fileName/StartUpMethodExecutor.cs: ecce11359b7760342ad14bc80bad2220 -> 45cc23141d36926881d69e4d2f8950c7
  custom:video-encoder-webm-vp8: eb34c28f22e8b96e1ab97ce403110664 -> 
  custom:audio-decoder-ogg-vorbis: bf7c407c2cedff20999df2af8eb42d56 -> 
  custom:scripting/monoscript/fileName/RiderScriptEditorDataPersisted.cs: 86b94c4c59f51e667ab7e1f2d997c184 -> 93e7c36b8be60b7055550adb6ace534f
  custom:scripting/monoscript/fileName/AssemblyNameProvider.cs: f63063a40ba042a668ddbcd339fb9332 -> 5210529ddc67cdb852122f447527c528
  custom:scripting/monoscript/fileName/EditorPluginInterop.cs: 1a28103090f24bb43afd0997a69f9b48 -> 087796556f1ed2025e28209e52d82ccc
  custom:scripting/monoscript/fileName/RiderScriptEditorData.cs: ac763da56c18afcbbc99b7cf67651110 -> fb9aed0c9d95878995d450a00d549f78
  custom:scripting/monoscript/fileName/RiderTestRunner.cs: a09449e7603772ef60589c92d46be0c3 -> b9ea3ff0565ae2955ea8f15dd6e578d4
  custom:audio-encoder-webm-vorbis: bf7c407c2cedff20999df2af8eb42d56 -> 
  custom:scripting/monoscript/fileName/PluginSettings.cs: 727424108b6598a2387dd87fa5ed687f -> 4ee82f9c59f87f1dece05e6b9763c365
  custom:scripting/monoscript/fileName/LibcNativeInterop.cs: c73f097a3ef89ebf41e7633fc6e71aff -> 77c1db6bef2e1063dc874463b520ed18
  custom:scripting/monoscript/fileName/CallbackData.cs: 244f50edb9a06e595eeca45abc022db5 -> b15b13425eedd78fb5c4fc4930a9e8b4
========================================================================
Received Import Request.
  Time since last request: 252639.188388 seconds.
  path: Assets/Tilemap
  artifactKey: Guid(d4b0f82f489e08d4ea90565fb404aabb) Importer(815301076,1909f56bfc062723c751e8b465ee728b)
Start importing Assets/Tilemap using Guid(d4b0f82f489e08d4ea90565fb404aabb) Importer(815301076,1909f56bfc062723c751e8b465ee728b)  -> (artifact id: '7a38f2345f399d68e5c8edc33d896cb4') in 0.002064 seconds
Number of updated asset objects reloaded before import = 0
Number of asset objects unloaded after import = 0
========================================================================
Received Import Request.
  Time since last request: 6.730846 seconds.
  path: Assets/Tilemap/New Palette.prefab
  artifactKey: Guid(4f3ddcf785c3e0446bf0835ec824aeb4) Importer(815301076,1909f56bfc062723c751e8b465ee728b)
Start importing Assets/Tilemap/New Palette.prefab using Guid(4f3ddcf785c3e0446bf0835ec824aeb4) Importer(815301076,1909f56bfc062723c751e8b465ee728b)  -> (artifact id: '1f1227fcacf67a45a840b55c536210f6') in 0.248061 seconds
Number of updated asset objects reloaded before import = 0
Number of asset objects unloaded after import = 12
========================================================================
Received Import Request.
  Time since last request: 99.230670 seconds.
  path: Assets/Tilemap/RegularPolygon.prefab
  artifactKey: Guid(315ad2b715905684891b5e43bc4bd2ef) Importer(815301076,1909f56bfc062723c751e8b465ee728b)
Start importing Assets/Tilemap/RegularPolygon.prefab using Guid(315ad2b715905684891b5e43bc4bd2ef) Importer(815301076,1909f56bfc062723c751e8b465ee728b)  -> (artifact id: '177021329c2aefc33f3e6dc66a4b9f64') in 0.150970 seconds
Number of updated asset objects reloaded before import = 0
Number of asset objects unloaded after import = 351
========================================================================
Received Import Request.
  Time since last request: 44.203460 seconds.
  path: Assets/Settings
  artifactKey: Guid(0220aab0833d04faeb927d84ca6cc40c) Importer(815301076,1909f56bfc062723c751e8b465ee728b)
Start importing Assets/Settings using Guid(0220aab0833d04faeb927d84ca6cc40c) Importer(815301076,1909f56bfc062723c751e8b465ee728b)  -> (artifact id: '6b0f1c9b956b738fc08170e3f36fa937') in 0.000598 seconds
Number of updated asset objects reloaded before import = 0
Number of asset objects unloaded after import = 0
========================================================================
Received Import Request.
  Time since last request: 655.383985 seconds.
  path: Assets/Scripts/HexaTile.cs
  artifactKey: Guid(2b680aa427d443245989ef1ba787d4b4) Importer(815301076,1909f56bfc062723c751e8b465ee728b)
Start importing Assets/Scripts/HexaTile.cs using Guid(2b680aa427d443245989ef1ba787d4b4) Importer(815301076,1909f56bfc062723c751e8b465ee728b)  -> (artifact id: 'bf42dd3f20ade340b5bd5b2eb97075be') in 0.000787 seconds
Number of updated asset objects reloaded before import = 0
Number of asset objects unloaded after import = 0
========================================================================
Received Prepare
Begin MonoManager ReloadAssembly
Symbol file LoadedFromMemory doesn't match image C:\Users\danij\Desktop\Dev\HexaBlast\HexaBlast\Library\PackageCache\com.unity.visualscripting@1.8.0\Editor\VisualScripting.Core\Dependencies\YamlDotNet\Unity.VisualScripting.YamlDotNet.dll
Symbol file LoadedFromMemory doesn't match image C:\Users\danij\Desktop\Dev\HexaBlast\HexaBlast\Library\PackageCache\com.unity.visualscripting@1.8.0\Editor\VisualScripting.Core\Dependencies\DotNetZip\Unity.VisualScripting.IonicZip.dll
- Loaded All Assemblies, in  1.189 seconds
Refreshing native plugins compatible for Editor in 9.43 ms, found 4 plugins.
Native extension for WindowsStandalone target not found
Native extension for iOS target not found
Native extension for Android target not found
Mono: successfully reloaded assembly
- Finished resetting the current domain, in  2.087 seconds
Domain Reload Profiling:
	ReloadAssembly (299ms)
		BeginReloadAssembly (209ms)
			ExecutionOrderSort (0ms)
			DisableScriptedObjects (18ms)
			BackupInstance (0ms)
			ReleaseScriptingObjects (0ms)
			CreateAndSetChildDomain (56ms)
		LoadAllAssembliesAndSetupDomain (883ms)
			LoadAssemblies (429ms)
			RebuildTransferFunctionScriptingTraits (0ms)
			SetupTypeCache (539ms)
				TypeCache.Initialize (509ms)
					TypeCache.ScanAssembly (499ms)
				ResolveRequiredComponents (19ms)
		FinalizeReload (0ms)
			ReleaseScriptCaches (0ms)
			RebuildScriptCaches (0ms)
			SetupLoadedEditorAssemblies (623ms)
				LogAssemblyErrors (0ms)
				InitializePlatformSupportModulesInManaged (42ms)
				SetLoadedEditorAssemblies (5ms)
				RefreshPlugins (0ms)
				BeforeProcessingInitializeOnLoad (115ms)
				ProcessInitializeOnLoadAttributes (331ms)
				ProcessInitializeOnLoadMethodAttributes (113ms)
				AfterProcessingInitializeOnLoad (16ms)
				EditorAssembliesLoaded (0ms)
			ExecutionOrderSort2 (0ms)
			AwakeInstancesAfterBackupRestoration (40ms)
Refreshing native plugins compatible for Editor in 8.37 ms, found 4 plugins.
Preloading 0 native plugins for Editor in 0.00 ms.
Unloading 5603 Unused Serialized files (Serialized files now loaded: 0)
Unloading 64 unused Assets / (1.0 MB). Loaded Objects now: 6401.
Memory consumption went from 213.3 MB to 212.3 MB.
Total: 5.068900 ms (FindLiveObjects: 0.451700 ms CreateObjectMapping: 0.487900 ms MarkObjects: 3.684000 ms  DeleteObjects: 0.444100 ms)

Prepare: number of updated asset objects reloaded= 0
AssetImportParameters requested are different than current active one (requested -> active):
  custom:scripting/monoscript/fileName/TestsCallback.cs: 6648df980912e96eaae5c39374242936 -> 420027d2a6ccaf7376f849b0f965edcd
  custom:scripting/monoscript/fileName/ProjectPart.cs: fa153b81a1be75d157e4b8a3e4771fc2 -> e09789f5d21ec839c23f3a2c8c340a5a
  custom:scripting/monoscript/fileName/SolutionGuidGenerator.cs: fff5e43ac88ff72f14745857eb692caa -> 39a21c4f5e351b9b4a2916e800641a4a
  custom:container-demuxer-ogg: 62fdf1f143b41e24485cea50d1cbac27 -> 
  custom:video-decoder-ogg-theora: a1e56fd34408186e4bbccfd4996cb3dc -> 
  custom:scripting/monoscript/fileName/CommandLineParser.cs: a5ce035a20fc026f12db6b796b898d65 -> 25c8ce1c1ecf3aba3903da1187b88166
  custom:scripting/monoscript/fileName/RiderScriptEditor.cs: 4a0f526f1b31c7d9c331714a284a6791 -> 4ddd2581343451de6f696adaf8c0958f
  custom:framework-win-MediaFoundation: 216162199b28c13a410421893ffa2e32 -> 
  custom:scripting/monoscript/fileName/LastWriteTracker.cs: e117305b6c922c0adb79679b01fac2c8 -> c78bd5b4fa28ac60ca7ed50f9c2b99d2
  custom:scripting/monoscript/fileName/RiderStyles.cs: cd129c7ac3790ffa53f73149c91a781a -> 871a958d95b29e48af876a5d411c626a
  custom:scripting/monoscript/fileName/RiderInitializer.cs: 68ef77945a5c56741cb9a0219dfe7657 -> d44ce07d40dcd4d066b6c1c8d08f3519
  custom:scripting/monoscript/fileName/TestEvent.cs: 600966b5c87333333e8aa4555a03efa6 -> ff94f6973aa3f0db280f3ed0b7577e48
  custom:scripting/monoscript/fileName/IFileIO.cs: f591b2fd0e7a5b3d1b89896fce5380e7 -> d1715877724f6e7813b95bae6fbc24d5
  custom:scripting/monoscript/fileName/ProjectGeneration.cs: 5369d873b23a6ef259aed3457e422bfa -> 9a60ae906ea060222f7967033c27f7ed
  custom:scripting/monoscript/fileName/RiderPathUtil.cs: b3d293b09b57cc7b91d500a8b861ad70 -> a77167e74e3a3d01856e2c8265c09e64
  custom:container-demuxer-webm: 4f35f7cbe854078d1ac9338744f61a02 -> 
  custom:scripting/monoscript/fileName/SyncTestRunCallback.cs: 6109fbb45740725119ed9609ae2cb6ab -> 0f406f4b09f3b7bd1bfd8f867df2e978
  custom:scripting/monoscript/fileName/CallbackInitializer.cs: d227e453fc55ff33477a0f8f90826257 -> b6cad195ed4890ee7aed8c4de2807157
  custom:scripting/monoscript/fileName/SyncTestRunEventsHandler.cs: a9e2807330a6f2c36d667ee1a2c4f414 -> 9ebe337aca2d71ac02fccc5c886e0668
  custom:scripting/monoscript/fileName/StringUtils.cs: 200f5307597eeab8c00b86aef1ee800c -> 2be5fb51e6f0660c955416f4d8f6f7ad
  custom:scripting/monoscript/fileName/IGenerator.cs: e53c624814a84a932e0860f584f7deb9 -> 7460422a7cf0a449df86606b185ffb0e
  custom:scripting/monoscript/fileName/IAssemblyNameProvider.cs: de79d586ca221e8ac344be669ec25f7e -> 005dc9d9c07dc825fea94e0fbc841e20
  custom:scripting/monoscript/fileName/GUIDProvider.cs: 27f6b36734be7c6510b3f0cc4a697fc7 -> cdd3f47e4fe593d2dfdf9915fa537e3f
  custom:container-muxer-webm: aa71ff27fc2769a1b78a27578f13a17b -> 
  custom:scripting/monoscript/fileName/IGUIDGenerator.cs: 153317bb7bf55f081a729ef02e3a13bd -> bad2c2e3b2dbec33c36bdfd6fc903e19
  custom:video-decoder-webm-vp8: 9c59270c3fd7afecdb556c50c9e8de78 -> 
  custom:scripting/monoscript/fileName/RiderAssetPostprocessor.cs: e6ad4f374cd20986773f123ef82b628b -> e95044eb94149eee30f5192e36c02104
  custom:scripting/monoscript/fileName/SerializableVersion.cs: 37d1dc623e9e336a7d92f02239a5eea0 -> 66cf30c0372dc35aea960f71af56ff8a
  custom:AudioImporter_EditorPlatform: d09bf68614088b80899f8185d706f6e7 -> 
  custom:scripting/monoscript/fileName/RiderMenu.cs: 2f14cf7eed9a2ad63962ab0ec2641b7b -> a430c0ff873704a92fbd3fa96f173c8d
  custom:scripting/monoscript/fileName/Discovery.cs: 4965ec8144dbbdacdf8182eec43c07e4 -> fd3ef4968f52e76fbead1b2807cd115f
  custom:scripting/monoscript/fileName/FileIOProvider.cs: cd91aaa86c461e807d984ea50a1f782b -> 304525d180d2b661ce338fc8a3225752
  custom:scripting/monoscript/fileName/FileSystemUtil.cs: 6856b263874916a35e9cabf0faa6bad8 -> 3a1d37ca0015bdfbd542c903cf738043
  custom:scripting/monoscript/fileName/StartUpMethodExecutor.cs: ecce11359b7760342ad14bc80bad2220 -> 45cc23141d36926881d69e4d2f8950c7
  custom:video-encoder-webm-vp8: eb34c28f22e8b96e1ab97ce403110664 -> 
  custom:audio-decoder-ogg-vorbis: bf7c407c2cedff20999df2af8eb42d56 -> 
  custom:scripting/monoscript/fileName/RiderScriptEditorDataPersisted.cs: 86b94c4c59f51e667ab7e1f2d997c184 -> 93e7c36b8be60b7055550adb6ace534f
  custom:scripting/monoscript/fileName/AssemblyNameProvider.cs: f63063a40ba042a668ddbcd339fb9332 -> 5210529ddc67cdb852122f447527c528
  custom:scripting/monoscript/fileName/EditorPluginInterop.cs: 1a28103090f24bb43afd0997a69f9b48 -> 087796556f1ed2025e28209e52d82ccc
  custom:scripting/monoscript/fileName/RiderScriptEditorData.cs: ac763da56c18afcbbc99b7cf67651110 -> fb9aed0c9d95878995d450a00d549f78
  custom:scripting/monoscript/fileName/RiderTestRunner.cs: a09449e7603772ef60589c92d46be0c3 -> b9ea3ff0565ae2955ea8f15dd6e578d4
  custom:audio-encoder-webm-vorbis: bf7c407c2cedff20999df2af8eb42d56 -> 
  custom:scripting/monoscript/fileName/PluginSettings.cs: 727424108b6598a2387dd87fa5ed687f -> 4ee82f9c59f87f1dece05e6b9763c365
  custom:scripting/monoscript/fileName/LibcNativeInterop.cs: c73f097a3ef89ebf41e7633fc6e71aff -> 77c1db6bef2e1063dc874463b520ed18
  custom:scripting/monoscript/fileName/CallbackData.cs: 244f50edb9a06e595eeca45abc022db5 -> b15b13425eedd78fb5c4fc4930a9e8b4
========================================================================
Received Import Request.
  Time since last request: 14.985883 seconds.
  path: Assets/Scripts/HexaTile.cs
  artifactKey: Guid(2b680aa427d443245989ef1ba787d4b4) Importer(815301076,1909f56bfc062723c751e8b465ee728b)
Start importing Assets/Scripts/HexaTile.cs using Guid(2b680aa427d443245989ef1ba787d4b4) Importer(815301076,1909f56bfc062723c751e8b465ee728b)  -> (artifact id: 'df0dfe9fc44713cab3065dc941d3da08') in 0.001442 seconds
Number of updated asset objects reloaded before import = 0
Number of asset objects unloaded after import = 0
========================================================================
Received Import Request.
  Time since last request: 262.211050 seconds.
  path: Assets/Scripts/HexaTile.cs
  artifactKey: Guid(2b680aa427d443245989ef1ba787d4b4) Importer(815301076,1909f56bfc062723c751e8b465ee728b)
Start importing Assets/Scripts/HexaTile.cs using Guid(2b680aa427d443245989ef1ba787d4b4) Importer(815301076,1909f56bfc062723c751e8b465ee728b)  -> (artifact id: '6db42aefc690d1325eeedf3b66bfc7b3') in 0.002139 seconds
Number of updated asset objects reloaded before import = 0
Number of asset objects unloaded after import = 0
========================================================================
Received Import Request.
  Time since last request: 34.678314 seconds.
  path: Assets/Scripts/HexaTile.cs
  artifactKey: Guid(2b680aa427d443245989ef1ba787d4b4) Importer(815301076,1909f56bfc062723c751e8b465ee728b)
Start importing Assets/Scripts/HexaTile.cs using Guid(2b680aa427d443245989ef1ba787d4b4) Importer(815301076,1909f56bfc062723c751e8b465ee728b)  -> (artifact id: '18e9f9486983ef9d6d5f502b2259b187') in 0.006807 seconds
Number of updated asset objects reloaded before import = 0
Number of asset objects unloaded after import = 0
========================================================================
Received Import Request.
  Time since last request: 318.754015 seconds.
  path: Assets/Scripts/HexaTile.cs
  artifactKey: Guid(2b680aa427d443245989ef1ba787d4b4) Importer(815301076,1909f56bfc062723c751e8b465ee728b)
Start importing Assets/Scripts/HexaTile.cs using Guid(2b680aa427d443245989ef1ba787d4b4) Importer(815301076,1909f56bfc062723c751e8b465ee728b)  -> (artifact id: '06a5a91d10d7a64abbf322b3d75f5307') in 0.000696 seconds
Number of updated asset objects reloaded before import = 0
Number of asset objects unloaded after import = 0
========================================================================
Received Prepare
Begin MonoManager ReloadAssembly
Symbol file LoadedFromMemory doesn't match image C:\Users\danij\Desktop\Dev\HexaBlast\HexaBlast\Library\PackageCache\com.unity.visualscripting@1.8.0\Editor\VisualScripting.Core\Dependencies\YamlDotNet\Unity.VisualScripting.YamlDotNet.dll
Symbol file LoadedFromMemory doesn't match image C:\Users\danij\Desktop\Dev\HexaBlast\HexaBlast\Library\PackageCache\com.unity.visualscripting@1.8.0\Editor\VisualScripting.Core\Dependencies\DotNetZip\Unity.VisualScripting.IonicZip.dll
- Loaded All Assemblies, in  1.044 seconds
Refreshing native plugins compatible for Editor in 6.79 ms, found 4 plugins.
Native extension for WindowsStandalone target not found
Native extension for iOS target not found
Native extension for Android target not found
Mono: successfully reloaded assembly
- Finished resetting the current domain, in  1.693 seconds
Domain Reload Profiling:
	ReloadAssembly (285ms)
		BeginReloadAssembly (189ms)
			ExecutionOrderSort (0ms)
			DisableScriptedObjects (12ms)
			BackupInstance (0ms)
			ReleaseScriptingObjects (0ms)
			CreateAndSetChildDomain (51ms)
		LoadAllAssembliesAndSetupDomain (750ms)
			LoadAssemblies (473ms)
			RebuildTransferFunctionScriptingTraits (0ms)
			SetupTypeCache (358ms)
				TypeCache.Initialize (341ms)
					TypeCache.ScanAssembly (335ms)
				ResolveRequiredComponents (10ms)
		FinalizeReload (0ms)
			ReleaseScriptCaches (0ms)
			RebuildScriptCaches (0ms)
			SetupLoadedEditorAssemblies (516ms)
				LogAssemblyErrors (0ms)
				InitializePlatformSupportModulesInManaged (41ms)
				SetLoadedEditorAssemblies (11ms)
				RefreshPlugins (0ms)
				BeforeProcessingInitializeOnLoad (125ms)
				ProcessInitializeOnLoadAttributes (252ms)
				ProcessInitializeOnLoadMethodAttributes (76ms)
				AfterProcessingInitializeOnLoad (10ms)
				EditorAssembliesLoaded (0ms)
			ExecutionOrderSort2 (0ms)
			AwakeInstancesAfterBackupRestoration (30ms)
Refreshing native plugins compatible for Editor in 9.77 ms, found 4 plugins.
Preloading 0 native plugins for Editor in 0.00 ms.
Unloading 5604 Unused Serialized files (Serialized files now loaded: 0)
Unloading 64 unused Assets / (1.0 MB). Loaded Objects now: 6407.
Memory consumption went from 213.2 MB to 212.2 MB.
Total: 4.183300 ms (FindLiveObjects: 0.460500 ms CreateObjectMapping: 0.488300 ms MarkObjects: 2.662300 ms  DeleteObjects: 0.571400 ms)

Prepare: number of updated asset objects reloaded= 0
AssetImportParameters requested are different than current active one (requested -> active):
  custom:scripting/monoscript/fileName/TestsCallback.cs: 6648df980912e96eaae5c39374242936 -> 420027d2a6ccaf7376f849b0f965edcd
  custom:scripting/monoscript/fileName/ProjectPart.cs: fa153b81a1be75d157e4b8a3e4771fc2 -> e09789f5d21ec839c23f3a2c8c340a5a
  custom:scripting/monoscript/fileName/SolutionGuidGenerator.cs: fff5e43ac88ff72f14745857eb692caa -> 39a21c4f5e351b9b4a2916e800641a4a
  custom:container-demuxer-ogg: 62fdf1f143b41e24485cea50d1cbac27 -> 
  custom:video-decoder-ogg-theora: a1e56fd34408186e4bbccfd4996cb3dc -> 
  custom:scripting/monoscript/fileName/CommandLineParser.cs: a5ce035a20fc026f12db6b796b898d65 -> 25c8ce1c1ecf3aba3903da1187b88166
  custom:scripting/monoscript/fileName/RiderScriptEditor.cs: 4a0f526f1b31c7d9c331714a284a6791 -> 4ddd2581343451de6f696adaf8c0958f
  custom:framework-win-MediaFoundation: 216162199b28c13a410421893ffa2e32 -> 
  custom:scripting/monoscript/fileName/LastWriteTracker.cs: e117305b6c922c0adb79679b01fac2c8 -> c78bd5b4fa28ac60ca7ed50f9c2b99d2
  custom:scripting/monoscript/fileName/RiderStyles.cs: cd129c7ac3790ffa53f73149c91a781a -> 871a958d95b29e48af876a5d411c626a
  custom:scripting/monoscript/fileName/RiderInitializer.cs: 68ef77945a5c56741cb9a0219dfe7657 -> d44ce07d40dcd4d066b6c1c8d08f3519
  custom:scripting/monoscript/fileName/TestEvent.cs: 600966b5c87333333e8aa4555a03efa6 -> ff94f6973aa3f0db280f3ed0b7577e48
  custom:scripting/monoscript/fileName/IFileIO.cs: f591b2fd0e7a5b3d1b89896fce5380e7 -> d1715877724f6e7813b95bae6fbc24d5
  custom:scripting/monoscript/fileName/ProjectGeneration.cs: 5369d873b23a6ef259aed3457e422bfa -> 9a60ae906ea060222f7967033c27f7ed
  custom:scripting/monoscript/fileName/RiderPathUtil.cs: b3d293b09b57cc7b91d500a8b861ad70 -> a77167e74e3a3d01856e2c8265c09e64
  custom:container-demuxer-webm: 4f35f7cbe854078d1ac9338744f61a02 -> 
  custom:scripting/monoscript/fileName/SyncTestRunCallback.cs: 6109fbb45740725119ed9609ae2cb6ab -> 0f406f4b09f3b7bd1bfd8f867df2e978
  custom:scripting/monoscript/fileName/CallbackInitializer.cs: d227e453fc55ff33477a0f8f90826257 -> b6cad195ed4890ee7aed8c4de2807157
  custom:scripting/monoscript/fileName/SyncTestRunEventsHandler.cs: a9e2807330a6f2c36d667ee1a2c4f414 -> 9ebe337aca2d71ac02fccc5c886e0668
  custom:scripting/monoscript/fileName/StringUtils.cs: 200f5307597eeab8c00b86aef1ee800c -> 2be5fb51e6f0660c955416f4d8f6f7ad
  custom:scripting/monoscript/fileName/IGenerator.cs: e53c624814a84a932e0860f584f7deb9 -> 7460422a7cf0a449df86606b185ffb0e
  custom:scripting/monoscript/fileName/IAssemblyNameProvider.cs: de79d586ca221e8ac344be669ec25f7e -> 005dc9d9c07dc825fea94e0fbc841e20
  custom:scripting/monoscript/fileName/GUIDProvider.cs: 27f6b36734be7c6510b3f0cc4a697fc7 -> cdd3f47e4fe593d2dfdf9915fa537e3f
  custom:container-muxer-webm: aa71ff27fc2769a1b78a27578f13a17b -> 
  custom:scripting/monoscript/fileName/IGUIDGenerator.cs: 153317bb7bf55f081a729ef02e3a13bd -> bad2c2e3b2dbec33c36bdfd6fc903e19
  custom:video-decoder-webm-vp8: 9c59270c3fd7afecdb556c50c9e8de78 -> 
  custom:scripting/monoscript/fileName/RiderAssetPostprocessor.cs: e6ad4f374cd20986773f123ef82b628b -> e95044eb94149eee30f5192e36c02104
  custom:scripting/monoscript/fileName/SerializableVersion.cs: 37d1dc623e9e336a7d92f02239a5eea0 -> 66cf30c0372dc35aea960f71af56ff8a
  custom:AudioImporter_EditorPlatform: d09bf68614088b80899f8185d706f6e7 -> 
  custom:scripting/monoscript/fileName/RiderMenu.cs: 2f14cf7eed9a2ad63962ab0ec2641b7b -> a430c0ff873704a92fbd3fa96f173c8d
  custom:scripting/monoscript/fileName/Discovery.cs: 4965ec8144dbbdacdf8182eec43c07e4 -> fd3ef4968f52e76fbead1b2807cd115f
  custom:scripting/monoscript/fileName/FileIOProvider.cs: cd91aaa86c461e807d984ea50a1f782b -> 304525d180d2b661ce338fc8a3225752
  custom:scripting/monoscript/fileName/FileSystemUtil.cs: 6856b263874916a35e9cabf0faa6bad8 -> 3a1d37ca0015bdfbd542c903cf738043
  custom:scripting/monoscript/fileName/StartUpMethodExecutor.cs: ecce11359b7760342ad14bc80bad2220 -> 45cc23141d36926881d69e4d2f8950c7
  custom:video-encoder-webm-vp8: eb34c28f22e8b96e1ab97ce403110664 -> 
  custom:audio-decoder-ogg-vorbis: bf7c407c2cedff20999df2af8eb42d56 -> 
  custom:scripting/monoscript/fileName/RiderScriptEditorDataPersisted.cs: 86b94c4c59f51e667ab7e1f2d997c184 -> 93e7c36b8be60b7055550adb6ace534f
  custom:scripting/monoscript/fileName/AssemblyNameProvider.cs: f63063a40ba042a668ddbcd339fb9332 -> 5210529ddc67cdb852122f447527c528
  custom:scripting/monoscript/fileName/EditorPluginInterop.cs: 1a28103090f24bb43afd0997a69f9b48 -> 087796556f1ed2025e28209e52d82ccc
  custom:scripting/monoscript/fileName/RiderScriptEditorData.cs: ac763da56c18afcbbc99b7cf67651110 -> fb9aed0c9d95878995d450a00d549f78
  custom:scripting/monoscript/fileName/RiderTestRunner.cs: a09449e7603772ef60589c92d46be0c3 -> b9ea3ff0565ae2955ea8f15dd6e578d4
  custom:audio-encoder-webm-vorbis: bf7c407c2cedff20999df2af8eb42d56 -> 
  custom:scripting/monoscript/fileName/PluginSettings.cs: 727424108b6598a2387dd87fa5ed687f -> 4ee82f9c59f87f1dece05e6b9763c365
  custom:scripting/monoscript/fileName/LibcNativeInterop.cs: c73f097a3ef89ebf41e7633fc6e71aff -> 77c1db6bef2e1063dc874463b520ed18
  custom:scripting/monoscript/fileName/CallbackData.cs: 244f50edb9a06e595eeca45abc022db5 -> b15b13425eedd78fb5c4fc4930a9e8b4
========================================================================
Received Import Request.
  Time since last request: 870.504005 seconds.
  path: Assets/Scripts/HexaTile.cs
  artifactKey: Guid(2b680aa427d443245989ef1ba787d4b4) Importer(815301076,1909f56bfc062723c751e8b465ee728b)
Start importing Assets/Scripts/HexaTile.cs using Guid(2b680aa427d443245989ef1ba787d4b4) Importer(815301076,1909f56bfc062723c751e8b465ee728b)  -> (artifact id: '837c3a077874bc26bd4119f5ad1e06a8') in 0.002495 seconds
Number of updated asset objects reloaded before import = 0
Number of asset objects unloaded after import = 0
========================================================================
Received Prepare
Begin MonoManager ReloadAssembly
Symbol file LoadedFromMemory doesn't match image C:\Users\danij\Desktop\Dev\HexaBlast\HexaBlast\Library\PackageCache\com.unity.visualscripting@1.8.0\Editor\VisualScripting.Core\Dependencies\YamlDotNet\Unity.VisualScripting.YamlDotNet.dll
Symbol file LoadedFromMemory doesn't match image C:\Users\danij\Desktop\Dev\HexaBlast\HexaBlast\Library\PackageCache\com.unity.visualscripting@1.8.0\Editor\VisualScripting.Core\Dependencies\DotNetZip\Unity.VisualScripting.IonicZip.dll
- Loaded All Assemblies, in  1.139 seconds
Refreshing native plugins compatible for Editor in 6.71 ms, found 4 plugins.
Native extension for WindowsStandalone target not found
Native extension for iOS target not found
Native extension for Android target not found
Mono: successfully reloaded assembly
- Finished resetting the current domain, in  1.540 seconds
Domain Reload Profiling:
	ReloadAssembly (370ms)
		BeginReloadAssembly (269ms)
			ExecutionOrderSort (0ms)
			DisableScriptedObjects (19ms)
			BackupInstance (0ms)
			ReleaseScriptingObjects (0ms)
			CreateAndSetChildDomain (87ms)
		LoadAllAssembliesAndSetupDomain (763ms)
			LoadAssemblies (494ms)
			RebuildTransferFunctionScriptingTraits (0ms)
			SetupTypeCache (370ms)
				TypeCache.Initialize (346ms)
					TypeCache.ScanAssembly (337ms)
				ResolveRequiredComponents (14ms)
		FinalizeReload (0ms)
			ReleaseScriptCaches (0ms)
			RebuildScriptCaches (0ms)
			SetupLoadedEditorAssemblies (558ms)
				LogAssemblyErrors (0ms)
				InitializePlatformSupportModulesInManaged (38ms)
				SetLoadedEditorAssemblies (5ms)
				RefreshPlugins (0ms)
				BeforeProcessingInitializeOnLoad (131ms)
				ProcessInitializeOnLoadAttributes (285ms)
				ProcessInitializeOnLoadMethodAttributes (86ms)
				AfterProcessingInitializeOnLoad (13ms)
				EditorAssembliesLoaded (0ms)
			ExecutionOrderSort2 (0ms)
			AwakeInstancesAfterBackupRestoration (45ms)
Refreshing native plugins compatible for Editor in 8.42 ms, found 4 plugins.
Preloading 0 native plugins for Editor in 0.00 ms.
Unloading 5606 Unused Serialized files (Serialized files now loaded: 0)
Unloading 64 unused Assets / (1.0 MB). Loaded Objects now: 6414.
Memory consumption went from 213.2 MB to 212.3 MB.
Total: 5.610200 ms (FindLiveObjects: 0.710900 ms CreateObjectMapping: 0.592600 ms MarkObjects: 3.820500 ms  DeleteObjects: 0.485200 ms)

Prepare: number of updated asset objects reloaded= 0
AssetImportParameters requested are different than current active one (requested -> active):
  custom:scripting/monoscript/fileName/TestsCallback.cs: 6648df980912e96eaae5c39374242936 -> 420027d2a6ccaf7376f849b0f965edcd
  custom:scripting/monoscript/fileName/ProjectPart.cs: fa153b81a1be75d157e4b8a3e4771fc2 -> e09789f5d21ec839c23f3a2c8c340a5a
  custom:scripting/monoscript/fileName/SolutionGuidGenerator.cs: fff5e43ac88ff72f14745857eb692caa -> 39a21c4f5e351b9b4a2916e800641a4a
  custom:container-demuxer-ogg: 62fdf1f143b41e24485cea50d1cbac27 -> 
  custom:video-decoder-ogg-theora: a1e56fd34408186e4bbccfd4996cb3dc -> 
  custom:scripting/monoscript/fileName/CommandLineParser.cs: a5ce035a20fc026f12db6b796b898d65 -> 25c8ce1c1ecf3aba3903da1187b88166
  custom:scripting/monoscript/fileName/RiderScriptEditor.cs: 4a0f526f1b31c7d9c331714a284a6791 -> 4ddd2581343451de6f696adaf8c0958f
  custom:framework-win-MediaFoundation: 216162199b28c13a410421893ffa2e32 -> 
  custom:scripting/monoscript/fileName/LastWriteTracker.cs: e117305b6c922c0adb79679b01fac2c8 -> c78bd5b4fa28ac60ca7ed50f9c2b99d2
  custom:scripting/monoscript/fileName/RiderStyles.cs: cd129c7ac3790ffa53f73149c91a781a -> 871a958d95b29e48af876a5d411c626a
  custom:scripting/monoscript/fileName/RiderInitializer.cs: 68ef77945a5c56741cb9a0219dfe7657 -> d44ce07d40dcd4d066b6c1c8d08f3519
  custom:scripting/monoscript/fileName/TestEvent.cs: 600966b5c87333333e8aa4555a03efa6 -> ff94f6973aa3f0db280f3ed0b7577e48
  custom:scripting/monoscript/fileName/IFileIO.cs: f591b2fd0e7a5b3d1b89896fce5380e7 -> d1715877724f6e7813b95bae6fbc24d5
  custom:scripting/monoscript/fileName/ProjectGeneration.cs: 5369d873b23a6ef259aed3457e422bfa -> 9a60ae906ea060222f7967033c27f7ed
  custom:scripting/monoscript/fileName/RiderPathUtil.cs: b3d293b09b57cc7b91d500a8b861ad70 -> a77167e74e3a3d01856e2c8265c09e64
  custom:container-demuxer-webm: 4f35f7cbe854078d1ac9338744f61a02 -> 
  custom:scripting/monoscript/fileName/SyncTestRunCallback.cs: 6109fbb45740725119ed9609ae2cb6ab -> 0f406f4b09f3b7bd1bfd8f867df2e978
  custom:scripting/monoscript/fileName/CallbackInitializer.cs: d227e453fc55ff33477a0f8f90826257 -> b6cad195ed4890ee7aed8c4de2807157
  custom:scripting/monoscript/fileName/SyncTestRunEventsHandler.cs: a9e2807330a6f2c36d667ee1a2c4f414 -> 9ebe337aca2d71ac02fccc5c886e0668
  custom:scripting/monoscript/fileName/StringUtils.cs: 200f5307597eeab8c00b86aef1ee800c -> 2be5fb51e6f0660c955416f4d8f6f7ad
  custom:scripting/monoscript/fileName/IGenerator.cs: e53c624814a84a932e0860f584f7deb9 -> 7460422a7cf0a449df86606b185ffb0e
  custom:scripting/monoscript/fileName/IAssemblyNameProvider.cs: de79d586ca221e8ac344be669ec25f7e -> 005dc9d9c07dc825fea94e0fbc841e20
  custom:scripting/monoscript/fileName/GUIDProvider.cs: 27f6b36734be7c6510b3f0cc4a697fc7 -> cdd3f47e4fe593d2dfdf9915fa537e3f
  custom:container-muxer-webm: aa71ff27fc2769a1b78a27578f13a17b -> 
  custom:scripting/monoscript/fileName/IGUIDGenerator.cs: 153317bb7bf55f081a729ef02e3a13bd -> bad2c2e3b2dbec33c36bdfd6fc903e19
  custom:video-decoder-webm-vp8: 9c59270c3fd7afecdb556c50c9e8de78 -> 
  custom:scripting/monoscript/fileName/RiderAssetPostprocessor.cs: e6ad4f374cd20986773f123ef82b628b -> e95044eb94149eee30f5192e36c02104
  custom:scripting/monoscript/fileName/SerializableVersion.cs: 37d1dc623e9e336a7d92f02239a5eea0 -> 66cf30c0372dc35aea960f71af56ff8a
  custom:AudioImporter_EditorPlatform: d09bf68614088b80899f8185d706f6e7 -> 
  custom:scripting/monoscript/fileName/RiderMenu.cs: 2f14cf7eed9a2ad63962ab0ec2641b7b -> a430c0ff873704a92fbd3fa96f173c8d
  custom:scripting/monoscript/fileName/Discovery.cs: 4965ec8144dbbdacdf8182eec43c07e4 -> fd3ef4968f52e76fbead1b2807cd115f
  custom:scripting/monoscript/fileName/FileIOProvider.cs: cd91aaa86c461e807d984ea50a1f782b -> 304525d180d2b661ce338fc8a3225752
  custom:scripting/monoscript/fileName/FileSystemUtil.cs: 6856b263874916a35e9cabf0faa6bad8 -> 3a1d37ca0015bdfbd542c903cf738043
  custom:scripting/monoscript/fileName/StartUpMethodExecutor.cs: ecce11359b7760342ad14bc80bad2220 -> 45cc23141d36926881d69e4d2f8950c7
  custom:video-encoder-webm-vp8: eb34c28f22e8b96e1ab97ce403110664 -> 
  custom:audio-decoder-ogg-vorbis: bf7c407c2cedff20999df2af8eb42d56 -> 
  custom:scripting/monoscript/fileName/RiderScriptEditorDataPersisted.cs: 86b94c4c59f51e667ab7e1f2d997c184 -> 93e7c36b8be60b7055550adb6ace534f
  custom:scripting/monoscript/fileName/AssemblyNameProvider.cs: f63063a40ba042a668ddbcd339fb9332 -> 5210529ddc67cdb852122f447527c528
  custom:scripting/monoscript/fileName/EditorPluginInterop.cs: 1a28103090f24bb43afd0997a69f9b48 -> 087796556f1ed2025e28209e52d82ccc
  custom:scripting/monoscript/fileName/RiderScriptEditorData.cs: ac763da56c18afcbbc99b7cf67651110 -> fb9aed0c9d95878995d450a00d549f78
  custom:scripting/monoscript/fileName/RiderTestRunner.cs: a09449e7603772ef60589c92d46be0c3 -> b9ea3ff0565ae2955ea8f15dd6e578d4
  custom:audio-encoder-webm-vorbis: bf7c407c2cedff20999df2af8eb42d56 -> 
  custom:scripting/monoscript/fileName/PluginSettings.cs: 727424108b6598a2387dd87fa5ed687f -> 4ee82f9c59f87f1dece05e6b9763c365
  custom:scripting/monoscript/fileName/LibcNativeInterop.cs: c73f097a3ef89ebf41e7633fc6e71aff -> 77c1db6bef2e1063dc874463b520ed18
  custom:scripting/monoscript/fileName/CallbackData.cs: 244f50edb9a06e595eeca45abc022db5 -> b15b13425eedd78fb5c4fc4930a9e8b4
========================================================================
Received Import Request.
  Time since last request: 1276.579929 seconds.
  path: Assets/Scripts/Mine.cs
  artifactKey: Guid(453645f1508d44b7895b0961d30259ad) Importer(815301076,1909f56bfc062723c751e8b465ee728b)
Start importing Assets/Scripts/Mine.cs using Guid(453645f1508d44b7895b0961d30259ad) Importer(815301076,1909f56bfc062723c751e8b465ee728b)  -> (artifact id: '2d7c36ba375e57a86cf5411784389c43') in 0.002016 seconds
Number of updated asset objects reloaded before import = 0
Number of asset objects unloaded after import = 0
========================================================================
Received Prepare
Begin MonoManager ReloadAssembly
Symbol file LoadedFromMemory doesn't match image C:\Users\danij\Desktop\Dev\HexaBlast\HexaBlast\Library\PackageCache\com.unity.visualscripting@1.8.0\Editor\VisualScripting.Core\Dependencies\YamlDotNet\Unity.VisualScripting.YamlDotNet.dll
Symbol file LoadedFromMemory doesn't match image C:\Users\danij\Desktop\Dev\HexaBlast\HexaBlast\Library\PackageCache\com.unity.visualscripting@1.8.0\Editor\VisualScripting.Core\Dependencies\DotNetZip\Unity.VisualScripting.IonicZip.dll
- Loaded All Assemblies, in  0.984 seconds
Refreshing native plugins compatible for Editor in 8.74 ms, found 4 plugins.
Native extension for WindowsStandalone target not found
Native extension for iOS target not found
Native extension for Android target not found
Mono: successfully reloaded assembly
- Finished resetting the current domain, in  1.447 seconds
Domain Reload Profiling:
	ReloadAssembly (275ms)
		BeginReloadAssembly (174ms)
			ExecutionOrderSort (0ms)
			DisableScriptedObjects (11ms)
			BackupInstance (0ms)
			ReleaseScriptingObjects (0ms)
			CreateAndSetChildDomain (45ms)
		LoadAllAssembliesAndSetupDomain (700ms)
			LoadAssemblies (411ms)
			RebuildTransferFunctionScriptingTraits (0ms)
			SetupTypeCache (361ms)
				TypeCache.Initialize (344ms)
					TypeCache.ScanAssembly (336ms)
				ResolveRequiredComponents (12ms)
		FinalizeReload (0ms)
			ReleaseScriptCaches (0ms)
			RebuildScriptCaches (0ms)
			SetupLoadedEditorAssemblies (468ms)
				LogAssemblyErrors (0ms)
				InitializePlatformSupportModulesInManaged (51ms)
				SetLoadedEditorAssemblies (5ms)
				RefreshPlugins (0ms)
				BeforeProcessingInitializeOnLoad (98ms)
				ProcessInitializeOnLoadAttributes (239ms)
				ProcessInitializeOnLoadMethodAttributes (65ms)
				AfterProcessingInitializeOnLoad (10ms)
				EditorAssembliesLoaded (0ms)
			ExecutionOrderSort2 (0ms)
			AwakeInstancesAfterBackupRestoration (31ms)
Refreshing native plugins compatible for Editor in 8.47 ms, found 4 plugins.
Preloading 0 native plugins for Editor in 0.00 ms.
Unloading 5606 Unused Serialized files (Serialized files now loaded: 0)
Unloading 64 unused Assets / (1.0 MB). Loaded Objects now: 6419.
Memory consumption went from 213.2 MB to 212.3 MB.
Total: 8.621400 ms (FindLiveObjects: 0.716300 ms CreateObjectMapping: 0.650100 ms MarkObjects: 6.546000 ms  DeleteObjects: 0.707800 ms)

Prepare: number of updated asset objects reloaded= 0
AssetImportParameters requested are different than current active one (requested -> active):
  custom:scripting/monoscript/fileName/TestsCallback.cs: 6648df980912e96eaae5c39374242936 -> 420027d2a6ccaf7376f849b0f965edcd
  custom:scripting/monoscript/fileName/ProjectPart.cs: fa153b81a1be75d157e4b8a3e4771fc2 -> e09789f5d21ec839c23f3a2c8c340a5a
  custom:scripting/monoscript/fileName/SolutionGuidGenerator.cs: fff5e43ac88ff72f14745857eb692caa -> 39a21c4f5e351b9b4a2916e800641a4a
  custom:container-demuxer-ogg: 62fdf1f143b41e24485cea50d1cbac27 -> 
  custom:video-decoder-ogg-theora: a1e56fd34408186e4bbccfd4996cb3dc -> 
  custom:scripting/monoscript/fileName/CommandLineParser.cs: a5ce035a20fc026f12db6b796b898d65 -> 25c8ce1c1ecf3aba3903da1187b88166
  custom:scripting/monoscript/fileName/RiderScriptEditor.cs: 4a0f526f1b31c7d9c331714a284a6791 -> 4ddd2581343451de6f696adaf8c0958f
  custom:framework-win-MediaFoundation: 216162199b28c13a410421893ffa2e32 -> 
  custom:scripting/monoscript/fileName/LastWriteTracker.cs: e117305b6c922c0adb79679b01fac2c8 -> c78bd5b4fa28ac60ca7ed50f9c2b99d2
  custom:scripting/monoscript/fileName/RiderStyles.cs: cd129c7ac3790ffa53f73149c91a781a -> 871a958d95b29e48af876a5d411c626a
  custom:scripting/monoscript/fileName/RiderInitializer.cs: 68ef77945a5c56741cb9a0219dfe7657 -> d44ce07d40dcd4d066b6c1c8d08f3519
  custom:scripting/monoscript/fileName/TestEvent.cs: 600966b5c87333333e8aa4555a03efa6 -> ff94f6973aa3f0db280f3ed0b7577e48
  custom:scripting/monoscript/fileName/IFileIO.cs: f591b2fd0e7a5b3d1b89896fce5380e7 -> d1715877724f6e7813b95bae6fbc24d5
  custom:scripting/monoscript/fileName/ProjectGeneration.cs: 5369d873b23a6ef259aed3457e422bfa -> 9a60ae906ea060222f7967033c27f7ed
  custom:scripting/monoscript/fileName/RiderPathUtil.cs: b3d293b09b57cc7b91d500a8b861ad70 -> a77167e74e3a3d01856e2c8265c09e64
  custom:container-demuxer-webm: 4f35f7cbe854078d1ac9338744f61a02 -> 
  custom:scripting/monoscript/fileName/SyncTestRunCallback.cs: 6109fbb45740725119ed9609ae2cb6ab -> 0f406f4b09f3b7bd1bfd8f867df2e978
  custom:scripting/monoscript/fileName/CallbackInitializer.cs: d227e453fc55ff33477a0f8f90826257 -> b6cad195ed4890ee7aed8c4de2807157
  custom:scripting/monoscript/fileName/SyncTestRunEventsHandler.cs: a9e2807330a6f2c36d667ee1a2c4f414 -> 9ebe337aca2d71ac02fccc5c886e0668
  custom:scripting/monoscript/fileName/StringUtils.cs: 200f5307597eeab8c00b86aef1ee800c -> 2be5fb51e6f0660c955416f4d8f6f7ad
  custom:scripting/monoscript/fileName/IGenerator.cs: e53c624814a84a932e0860f584f7deb9 -> 7460422a7cf0a449df86606b185ffb0e
  custom:scripting/monoscript/fileName/IAssemblyNameProvider.cs: de79d586ca221e8ac344be669ec25f7e -> 005dc9d9c07dc825fea94e0fbc841e20
  custom:scripting/monoscript/fileName/GUIDProvider.cs: 27f6b36734be7c6510b3f0cc4a697fc7 -> cdd3f47e4fe593d2dfdf9915fa537e3f
  custom:container-muxer-webm: aa71ff27fc2769a1b78a27578f13a17b -> 
  custom:scripting/monoscript/fileName/IGUIDGenerator.cs: 153317bb7bf55f081a729ef02e3a13bd -> bad2c2e3b2dbec33c36bdfd6fc903e19
  custom:video-decoder-webm-vp8: 9c59270c3fd7afecdb556c50c9e8de78 -> 
  custom:scripting/monoscript/fileName/RiderAssetPostprocessor.cs: e6ad4f374cd20986773f123ef82b628b -> e95044eb94149eee30f5192e36c02104
  custom:scripting/monoscript/fileName/SerializableVersion.cs: 37d1dc623e9e336a7d92f02239a5eea0 -> 66cf30c0372dc35aea960f71af56ff8a
  custom:AudioImporter_EditorPlatform: d09bf68614088b80899f8185d706f6e7 -> 
  custom:scripting/monoscript/fileName/RiderMenu.cs: 2f14cf7eed9a2ad63962ab0ec2641b7b -> a430c0ff873704a92fbd3fa96f173c8d
  custom:scripting/monoscript/fileName/Discovery.cs: 4965ec8144dbbdacdf8182eec43c07e4 -> fd3ef4968f52e76fbead1b2807cd115f
  custom:scripting/monoscript/fileName/FileIOProvider.cs: cd91aaa86c461e807d984ea50a1f782b -> 304525d180d2b661ce338fc8a3225752
  custom:scripting/monoscript/fileName/FileSystemUtil.cs: 6856b263874916a35e9cabf0faa6bad8 -> 3a1d37ca0015bdfbd542c903cf738043
  custom:scripting/monoscript/fileName/StartUpMethodExecutor.cs: ecce11359b7760342ad14bc80bad2220 -> 45cc23141d36926881d69e4d2f8950c7
  custom:video-encoder-webm-vp8: eb34c28f22e8b96e1ab97ce403110664 -> 
  custom:audio-decoder-ogg-vorbis: bf7c407c2cedff20999df2af8eb42d56 -> 
  custom:scripting/monoscript/fileName/RiderScriptEditorDataPersisted.cs: 86b94c4c59f51e667ab7e1f2d997c184 -> 93e7c36b8be60b7055550adb6ace534f
  custom:scripting/monoscript/fileName/AssemblyNameProvider.cs: f63063a40ba042a668ddbcd339fb9332 -> 5210529ddc67cdb852122f447527c528
  custom:scripting/monoscript/fileName/EditorPluginInterop.cs: 1a28103090f24bb43afd0997a69f9b48 -> 087796556f1ed2025e28209e52d82ccc
  custom:scripting/monoscript/fileName/RiderScriptEditorData.cs: ac763da56c18afcbbc99b7cf67651110 -> fb9aed0c9d95878995d450a00d549f78
  custom:scripting/monoscript/fileName/RiderTestRunner.cs: a09449e7603772ef60589c92d46be0c3 -> b9ea3ff0565ae2955ea8f15dd6e578d4
  custom:audio-encoder-webm-vorbis: bf7c407c2cedff20999df2af8eb42d56 -> 
  custom:scripting/monoscript/fileName/PluginSettings.cs: 727424108b6598a2387dd87fa5ed687f -> 4ee82f9c59f87f1dece05e6b9763c365
  custom:scripting/monoscript/fileName/LibcNativeInterop.cs: c73f097a3ef89ebf41e7633fc6e71aff -> 77c1db6bef2e1063dc874463b520ed18
  custom:scripting/monoscript/fileName/CallbackData.cs: 244f50edb9a06e595eeca45abc022db5 -> b15b13425eedd78fb5c4fc4930a9e8b4
========================================================================
Received Import Request.
  Time since last request: 111.014576 seconds.
  path: Assets/Tilemap/Tile_Number.prefab
  artifactKey: Guid(6eda3686724050a45a2b65af84b42ce7) Importer(815301076,1909f56bfc062723c751e8b465ee728b)
Start importing Assets/Tilemap/Tile_Number.prefab using Guid(6eda3686724050a45a2b65af84b42ce7) Importer(815301076,1909f56bfc062723c751e8b465ee728b)  -> (artifact id: 'afba63696ee1202f9911e9caf9b6539f') in 0.327912 seconds
Number of updated asset objects reloaded before import = 0
Number of asset objects unloaded after import = 371
========================================================================
Received Import Request.
  Time since last request: 0.949106 seconds.
  path: Assets/Tilemap/RegularPolygon.prefab
  artifactKey: Guid(315ad2b715905684891b5e43bc4bd2ef) Importer(815301076,1909f56bfc062723c751e8b465ee728b)
Start importing Assets/Tilemap/RegularPolygon.prefab using Guid(315ad2b715905684891b5e43bc4bd2ef) Importer(815301076,1909f56bfc062723c751e8b465ee728b)  -> (artifact id: 'd35acea58d3e40a52fed341bd6293d0f') in 0.018856 seconds
Number of updated asset objects reloaded before import = 0
Number of asset objects unloaded after import = 12
========================================================================
Received Import Request.
  Time since last request: 0.644779 seconds.
  path: Assets/Tilemap/MineMap.prefab
  artifactKey: Guid(b3cbde8d452d8324588b7f1855c0a2cf) Importer(815301076,1909f56bfc062723c751e8b465ee728b)
Start importing Assets/Tilemap/MineMap.prefab using Guid(b3cbde8d452d8324588b7f1855c0a2cf) Importer(815301076,1909f56bfc062723c751e8b465ee728b)  -> (artifact id: 'fcf66109e6d57751af1bfbd227585cee') in 0.013421 seconds
Number of updated asset objects reloaded before import = 0
Number of asset objects unloaded after import = 11
========================================================================
Received Import Request.
  Time since last request: 54.352277 seconds.
  path: Assets/Tilemap/Tile_Mine.prefab
  artifactKey: Guid(499388687cc0458478d7565da8e627c0) Importer(815301076,1909f56bfc062723c751e8b465ee728b)
Start importing Assets/Tilemap/Tile_Mine.prefab using Guid(499388687cc0458478d7565da8e627c0) Importer(815301076,1909f56bfc062723c751e8b465ee728b)  -> (artifact id: '101543ca4c84579ab70b397eca937927') in 0.018195 seconds
Number of updated asset objects reloaded before import = 0
Number of asset objects unloaded after import = 13
========================================================================
Received Import Request.
  Time since last request: 9.787144 seconds.
  path: Assets/Scripts/Number.cs
  artifactKey: Guid(ed8a2ef509fe4a6582ce45e7a730c7a6) Importer(815301076,1909f56bfc062723c751e8b465ee728b)
Start importing Assets/Scripts/Number.cs using Guid(ed8a2ef509fe4a6582ce45e7a730c7a6) Importer(815301076,1909f56bfc062723c751e8b465ee728b)  -> (artifact id: '34adc48ac08697ccd00a0176eb83f9e8') in 0.000521 seconds
Number of updated asset objects reloaded before import = 0
Number of asset objects unloaded after import = 0
========================================================================
Received Prepare
Begin MonoManager ReloadAssembly
Symbol file LoadedFromMemory doesn't match image C:\Users\danij\Desktop\Dev\HexaBlast\HexaBlast\Library\PackageCache\com.unity.visualscripting@1.8.0\Editor\VisualScripting.Core\Dependencies\YamlDotNet\Unity.VisualScripting.YamlDotNet.dll
Symbol file LoadedFromMemory doesn't match image C:\Users\danij\Desktop\Dev\HexaBlast\HexaBlast\Library\PackageCache\com.unity.visualscripting@1.8.0\Editor\VisualScripting.Core\Dependencies\DotNetZip\Unity.VisualScripting.IonicZip.dll
- Loaded All Assemblies, in  0.988 seconds
Refreshing native plugins compatible for Editor in 7.54 ms, found 4 plugins.
Native extension for WindowsStandalone target not found
Native extension for iOS target not found
Native extension for Android target not found
Mono: successfully reloaded assembly
- Finished resetting the current domain, in  1.481 seconds
Domain Reload Profiling:
	ReloadAssembly (264ms)
		BeginReloadAssembly (177ms)
			ExecutionOrderSort (0ms)
			DisableScriptedObjects (15ms)
			BackupInstance (0ms)
			ReleaseScriptingObjects (0ms)
			CreateAndSetChildDomain (44ms)
		LoadAllAssembliesAndSetupDomain (718ms)
			LoadAssemblies (410ms)
			RebuildTransferFunctionScriptingTraits (0ms)
			SetupTypeCache (376ms)
				TypeCache.Initialize (354ms)
					TypeCache.ScanAssembly (344ms)
				ResolveRequiredComponents (14ms)
		FinalizeReload (0ms)
			ReleaseScriptCaches (0ms)
			RebuildScriptCaches (0ms)
			SetupLoadedEditorAssemblies (510ms)
				LogAssemblyErrors (0ms)
				InitializePlatformSupportModulesInManaged (40ms)
				SetLoadedEditorAssemblies (4ms)
				RefreshPlugins (0ms)
				BeforeProcessingInitializeOnLoad (92ms)
				ProcessInitializeOnLoadAttributes (285ms)
				ProcessInitializeOnLoadMethodAttributes (80ms)
				AfterProcessingInitializeOnLoad (9ms)
				EditorAssembliesLoaded (0ms)
			ExecutionOrderSort2 (0ms)
			AwakeInstancesAfterBackupRestoration (33ms)
Refreshing native plugins compatible for Editor in 6.36 ms, found 4 plugins.
Preloading 0 native plugins for Editor in 0.00 ms.
Unloading 5606 Unused Serialized files (Serialized files now loaded: 0)
Unloading 64 unused Assets / (1.0 MB). Loaded Objects now: 6464.
Memory consumption went from 213.4 MB to 212.4 MB.
Total: 4.066100 ms (FindLiveObjects: 0.493800 ms CreateObjectMapping: 0.462800 ms MarkObjects: 2.676400 ms  DeleteObjects: 0.432100 ms)

Prepare: number of updated asset objects reloaded= 0
AssetImportParameters requested are different than current active one (requested -> active):
  custom:scripting/monoscript/fileName/TestsCallback.cs: 6648df980912e96eaae5c39374242936 -> 420027d2a6ccaf7376f849b0f965edcd
  custom:scripting/monoscript/fileName/ProjectPart.cs: fa153b81a1be75d157e4b8a3e4771fc2 -> e09789f5d21ec839c23f3a2c8c340a5a
  custom:scripting/monoscript/fileName/SolutionGuidGenerator.cs: fff5e43ac88ff72f14745857eb692caa -> 39a21c4f5e351b9b4a2916e800641a4a
  custom:container-demuxer-ogg: 62fdf1f143b41e24485cea50d1cbac27 -> 
  custom:video-decoder-ogg-theora: a1e56fd34408186e4bbccfd4996cb3dc -> 
  custom:scripting/monoscript/fileName/CommandLineParser.cs: a5ce035a20fc026f12db6b796b898d65 -> 25c8ce1c1ecf3aba3903da1187b88166
  custom:scripting/monoscript/fileName/RiderScriptEditor.cs: 4a0f526f1b31c7d9c331714a284a6791 -> 4ddd2581343451de6f696adaf8c0958f
  custom:framework-win-MediaFoundation: 216162199b28c13a410421893ffa2e32 -> 
  custom:scripting/monoscript/fileName/LastWriteTracker.cs: e117305b6c922c0adb79679b01fac2c8 -> c78bd5b4fa28ac60ca7ed50f9c2b99d2
  custom:scripting/monoscript/fileName/RiderStyles.cs: cd129c7ac3790ffa53f73149c91a781a -> 871a958d95b29e48af876a5d411c626a
  custom:scripting/monoscript/fileName/RiderInitializer.cs: 68ef77945a5c56741cb9a0219dfe7657 -> d44ce07d40dcd4d066b6c1c8d08f3519
  custom:scripting/monoscript/fileName/TestEvent.cs: 600966b5c87333333e8aa4555a03efa6 -> ff94f6973aa3f0db280f3ed0b7577e48
  custom:scripting/monoscript/fileName/IFileIO.cs: f591b2fd0e7a5b3d1b89896fce5380e7 -> d1715877724f6e7813b95bae6fbc24d5
  custom:scripting/monoscript/fileName/ProjectGeneration.cs: 5369d873b23a6ef259aed3457e422bfa -> 9a60ae906ea060222f7967033c27f7ed
  custom:scripting/monoscript/fileName/RiderPathUtil.cs: b3d293b09b57cc7b91d500a8b861ad70 -> a77167e74e3a3d01856e2c8265c09e64
  custom:container-demuxer-webm: 4f35f7cbe854078d1ac9338744f61a02 -> 
  custom:scripting/monoscript/fileName/SyncTestRunCallback.cs: 6109fbb45740725119ed9609ae2cb6ab -> 0f406f4b09f3b7bd1bfd8f867df2e978
  custom:scripting/monoscript/fileName/CallbackInitializer.cs: d227e453fc55ff33477a0f8f90826257 -> b6cad195ed4890ee7aed8c4de2807157
  custom:scripting/monoscript/fileName/SyncTestRunEventsHandler.cs: a9e2807330a6f2c36d667ee1a2c4f414 -> 9ebe337aca2d71ac02fccc5c886e0668
  custom:scripting/monoscript/fileName/StringUtils.cs: 200f5307597eeab8c00b86aef1ee800c -> 2be5fb51e6f0660c955416f4d8f6f7ad
  custom:scripting/monoscript/fileName/IGenerator.cs: e53c624814a84a932e0860f584f7deb9 -> 7460422a7cf0a449df86606b185ffb0e
  custom:scripting/monoscript/fileName/IAssemblyNameProvider.cs: de79d586ca221e8ac344be669ec25f7e -> 005dc9d9c07dc825fea94e0fbc841e20
  custom:scripting/monoscript/fileName/GUIDProvider.cs: 27f6b36734be7c6510b3f0cc4a697fc7 -> cdd3f47e4fe593d2dfdf9915fa537e3f
  custom:container-muxer-webm: aa71ff27fc2769a1b78a27578f13a17b -> 
  custom:scripting/monoscript/fileName/IGUIDGenerator.cs: 153317bb7bf55f081a729ef02e3a13bd -> bad2c2e3b2dbec33c36bdfd6fc903e19
  custom:video-decoder-webm-vp8: 9c59270c3fd7afecdb556c50c9e8de78 -> 
  custom:scripting/monoscript/fileName/RiderAssetPostprocessor.cs: e6ad4f374cd20986773f123ef82b628b -> e95044eb94149eee30f5192e36c02104
  custom:scripting/monoscript/fileName/SerializableVersion.cs: 37d1dc623e9e336a7d92f02239a5eea0 -> 66cf30c0372dc35aea960f71af56ff8a
  custom:AudioImporter_EditorPlatform: d09bf68614088b80899f8185d706f6e7 -> 
  custom:scripting/monoscript/fileName/RiderMenu.cs: 2f14cf7eed9a2ad63962ab0ec2641b7b -> a430c0ff873704a92fbd3fa96f173c8d
  custom:scripting/monoscript/fileName/Discovery.cs: 4965ec8144dbbdacdf8182eec43c07e4 -> fd3ef4968f52e76fbead1b2807cd115f
  custom:scripting/monoscript/fileName/FileIOProvider.cs: cd91aaa86c461e807d984ea50a1f782b -> 304525d180d2b661ce338fc8a3225752
  custom:scripting/monoscript/fileName/FileSystemUtil.cs: 6856b263874916a35e9cabf0faa6bad8 -> 3a1d37ca0015bdfbd542c903cf738043
  custom:scripting/monoscript/fileName/StartUpMethodExecutor.cs: ecce11359b7760342ad14bc80bad2220 -> 45cc23141d36926881d69e4d2f8950c7
  custom:video-encoder-webm-vp8: eb34c28f22e8b96e1ab97ce403110664 -> 
  custom:audio-decoder-ogg-vorbis: bf7c407c2cedff20999df2af8eb42d56 -> 
  custom:scripting/monoscript/fileName/RiderScriptEditorDataPersisted.cs: 86b94c4c59f51e667ab7e1f2d997c184 -> 93e7c36b8be60b7055550adb6ace534f
  custom:scripting/monoscript/fileName/AssemblyNameProvider.cs: f63063a40ba042a668ddbcd339fb9332 -> 5210529ddc67cdb852122f447527c528
  custom:scripting/monoscript/fileName/EditorPluginInterop.cs: 1a28103090f24bb43afd0997a69f9b48 -> 087796556f1ed2025e28209e52d82ccc
  custom:scripting/monoscript/fileName/RiderScriptEditorData.cs: ac763da56c18afcbbc99b7cf67651110 -> fb9aed0c9d95878995d450a00d549f78
  custom:scripting/monoscript/fileName/RiderTestRunner.cs: a09449e7603772ef60589c92d46be0c3 -> b9ea3ff0565ae2955ea8f15dd6e578d4
  custom:audio-encoder-webm-vorbis: bf7c407c2cedff20999df2af8eb42d56 -> 
  custom:scripting/monoscript/fileName/PluginSettings.cs: 727424108b6598a2387dd87fa5ed687f -> 4ee82f9c59f87f1dece05e6b9763c365
  custom:scripting/monoscript/fileName/LibcNativeInterop.cs: c73f097a3ef89ebf41e7633fc6e71aff -> 77c1db6bef2e1063dc874463b520ed18
  custom:scripting/monoscript/fileName/CallbackData.cs: 244f50edb9a06e595eeca45abc022db5 -> b15b13425eedd78fb5c4fc4930a9e8b4
========================================================================
Received Import Request.
  Time since last request: 77.054917 seconds.
  path: Assets/Scripts/Number.cs
  artifactKey: Guid(ed8a2ef509fe4a6582ce45e7a730c7a6) Importer(815301076,1909f56bfc062723c751e8b465ee728b)
Start importing Assets/Scripts/Number.cs using Guid(ed8a2ef509fe4a6582ce45e7a730c7a6) Importer(815301076,1909f56bfc062723c751e8b465ee728b)  -> (artifact id: '8915fbe1a3e5ca7e04e6e173bab52adf') in 0.001455 seconds
Number of updated asset objects reloaded before import = 0
Number of asset objects unloaded after import = 0
========================================================================
Received Import Request.
  Time since last request: 0.223092 seconds.
  path: Assets/Tilemap/Tile_Number.prefab
  artifactKey: Guid(6eda3686724050a45a2b65af84b42ce7) Importer(815301076,1909f56bfc062723c751e8b465ee728b)
Start importing Assets/Tilemap/Tile_Number.prefab using Guid(6eda3686724050a45a2b65af84b42ce7) Importer(815301076,1909f56bfc062723c751e8b465ee728b)  -> (artifact id: '6eefa9e785873af1630bb83ade1b2898') in 0.322118 seconds
Number of updated asset objects reloaded before import = 0
Number of asset objects unloaded after import = 371
========================================================================
Received Prepare
Begin MonoManager ReloadAssembly
Symbol file LoadedFromMemory doesn't match image C:\Users\danij\Desktop\Dev\HexaBlast\HexaBlast\Library\PackageCache\com.unity.visualscripting@1.8.0\Editor\VisualScripting.Core\Dependencies\YamlDotNet\Unity.VisualScripting.YamlDotNet.dll
Symbol file LoadedFromMemory doesn't match image C:\Users\danij\Desktop\Dev\HexaBlast\HexaBlast\Library\PackageCache\com.unity.visualscripting@1.8.0\Editor\VisualScripting.Core\Dependencies\DotNetZip\Unity.VisualScripting.IonicZip.dll
- Loaded All Assemblies, in  0.980 seconds
Refreshing native plugins compatible for Editor in 7.07 ms, found 4 plugins.
Native extension for WindowsStandalone target not found
Native extension for iOS target not found
Native extension for Android target not found
Mono: successfully reloaded assembly
- Finished resetting the current domain, in  1.382 seconds
Domain Reload Profiling:
	ReloadAssembly (264ms)
		BeginReloadAssembly (180ms)
			ExecutionOrderSort (0ms)
			DisableScriptedObjects (16ms)
			BackupInstance (0ms)
			ReleaseScriptingObjects (0ms)
			CreateAndSetChildDomain (49ms)
		LoadAllAssembliesAndSetupDomain (707ms)
			LoadAssemblies (402ms)
			RebuildTransferFunctionScriptingTraits (0ms)
			SetupTypeCache (376ms)
				TypeCache.Initialize (358ms)
					TypeCache.ScanAssembly (351ms)
				ResolveRequiredComponents (11ms)
		FinalizeReload (0ms)
			ReleaseScriptCaches (0ms)
			RebuildScriptCaches (0ms)
			SetupLoadedEditorAssemblies (450ms)
				LogAssemblyErrors (0ms)
				InitializePlatformSupportModulesInManaged (34ms)
				SetLoadedEditorAssemblies (5ms)
				RefreshPlugins (0ms)
				BeforeProcessingInitializeOnLoad (96ms)
				ProcessInitializeOnLoadAttributes (242ms)
				ProcessInitializeOnLoadMethodAttributes (63ms)
				AfterProcessingInitializeOnLoad (9ms)
				EditorAssembliesLoaded (0ms)
			ExecutionOrderSort2 (0ms)
			AwakeInstancesAfterBackupRestoration (30ms)
Refreshing native plugins compatible for Editor in 5.93 ms, found 4 plugins.
Preloading 0 native plugins for Editor in 0.00 ms.
Unloading 5606 Unused Serialized files (Serialized files now loaded: 0)
Unloading 64 unused Assets / (1.0 MB). Loaded Objects now: 6509.
Memory consumption went from 213.5 MB to 212.5 MB.
Total: 4.271000 ms (FindLiveObjects: 0.483200 ms CreateObjectMapping: 0.473300 ms MarkObjects: 2.860400 ms  DeleteObjects: 0.453300 ms)

Prepare: number of updated asset objects reloaded= 0
AssetImportParameters requested are different than current active one (requested -> active):
  custom:scripting/monoscript/fileName/TestsCallback.cs: 6648df980912e96eaae5c39374242936 -> 420027d2a6ccaf7376f849b0f965edcd
  custom:scripting/monoscript/fileName/ProjectPart.cs: fa153b81a1be75d157e4b8a3e4771fc2 -> e09789f5d21ec839c23f3a2c8c340a5a
  custom:scripting/monoscript/fileName/SolutionGuidGenerator.cs: fff5e43ac88ff72f14745857eb692caa -> 39a21c4f5e351b9b4a2916e800641a4a
  custom:container-demuxer-ogg: 62fdf1f143b41e24485cea50d1cbac27 -> 
  custom:video-decoder-ogg-theora: a1e56fd34408186e4bbccfd4996cb3dc -> 
  custom:scripting/monoscript/fileName/CommandLineParser.cs: a5ce035a20fc026f12db6b796b898d65 -> 25c8ce1c1ecf3aba3903da1187b88166
  custom:scripting/monoscript/fileName/RiderScriptEditor.cs: 4a0f526f1b31c7d9c331714a284a6791 -> 4ddd2581343451de6f696adaf8c0958f
  custom:framework-win-MediaFoundation: 216162199b28c13a410421893ffa2e32 -> 
  custom:scripting/monoscript/fileName/LastWriteTracker.cs: e117305b6c922c0adb79679b01fac2c8 -> c78bd5b4fa28ac60ca7ed50f9c2b99d2
  custom:scripting/monoscript/fileName/RiderStyles.cs: cd129c7ac3790ffa53f73149c91a781a -> 871a958d95b29e48af876a5d411c626a
  custom:scripting/monoscript/fileName/RiderInitializer.cs: 68ef77945a5c56741cb9a0219dfe7657 -> d44ce07d40dcd4d066b6c1c8d08f3519
  custom:scripting/monoscript/fileName/TestEvent.cs: 600966b5c87333333e8aa4555a03efa6 -> ff94f6973aa3f0db280f3ed0b7577e48
  custom:scripting/monoscript/fileName/IFileIO.cs: f591b2fd0e7a5b3d1b89896fce5380e7 -> d1715877724f6e7813b95bae6fbc24d5
  custom:scripting/monoscript/fileName/ProjectGeneration.cs: 5369d873b23a6ef259aed3457e422bfa -> 9a60ae906ea060222f7967033c27f7ed
  custom:scripting/monoscript/fileName/RiderPathUtil.cs: b3d293b09b57cc7b91d500a8b861ad70 -> a77167e74e3a3d01856e2c8265c09e64
  custom:container-demuxer-webm: 4f35f7cbe854078d1ac9338744f61a02 -> 
  custom:scripting/monoscript/fileName/SyncTestRunCallback.cs: 6109fbb45740725119ed9609ae2cb6ab -> 0f406f4b09f3b7bd1bfd8f867df2e978
  custom:scripting/monoscript/fileName/CallbackInitializer.cs: d227e453fc55ff33477a0f8f90826257 -> b6cad195ed4890ee7aed8c4de2807157
  custom:scripting/monoscript/fileName/SyncTestRunEventsHandler.cs: a9e2807330a6f2c36d667ee1a2c4f414 -> 9ebe337aca2d71ac02fccc5c886e0668
  custom:scripting/monoscript/fileName/StringUtils.cs: 200f5307597eeab8c00b86aef1ee800c -> 2be5fb51e6f0660c955416f4d8f6f7ad
  custom:scripting/monoscript/fileName/IGenerator.cs: e53c624814a84a932e0860f584f7deb9 -> 7460422a7cf0a449df86606b185ffb0e
  custom:scripting/monoscript/fileName/IAssemblyNameProvider.cs: de79d586ca221e8ac344be669ec25f7e -> 005dc9d9c07dc825fea94e0fbc841e20
  custom:scripting/monoscript/fileName/GUIDProvider.cs: 27f6b36734be7c6510b3f0cc4a697fc7 -> cdd3f47e4fe593d2dfdf9915fa537e3f
  custom:container-muxer-webm: aa71ff27fc2769a1b78a27578f13a17b -> 
  custom:scripting/monoscript/fileName/IGUIDGenerator.cs: 153317bb7bf55f081a729ef02e3a13bd -> bad2c2e3b2dbec33c36bdfd6fc903e19
  custom:video-decoder-webm-vp8: 9c59270c3fd7afecdb556c50c9e8de78 -> 
  custom:scripting/monoscript/fileName/RiderAssetPostprocessor.cs: e6ad4f374cd20986773f123ef82b628b -> e95044eb94149eee30f5192e36c02104
  custom:scripting/monoscript/fileName/SerializableVersion.cs: 37d1dc623e9e336a7d92f02239a5eea0 -> 66cf30c0372dc35aea960f71af56ff8a
  custom:AudioImporter_EditorPlatform: d09bf68614088b80899f8185d706f6e7 -> 
  custom:scripting/monoscript/fileName/RiderMenu.cs: 2f14cf7eed9a2ad63962ab0ec2641b7b -> a430c0ff873704a92fbd3fa96f173c8d
  custom:scripting/monoscript/fileName/Discovery.cs: 4965ec8144dbbdacdf8182eec43c07e4 -> fd3ef4968f52e76fbead1b2807cd115f
  custom:scripting/monoscript/fileName/FileIOProvider.cs: cd91aaa86c461e807d984ea50a1f782b -> 304525d180d2b661ce338fc8a3225752
  custom:scripting/monoscript/fileName/FileSystemUtil.cs: 6856b263874916a35e9cabf0faa6bad8 -> 3a1d37ca0015bdfbd542c903cf738043
  custom:scripting/monoscript/fileName/StartUpMethodExecutor.cs: ecce11359b7760342ad14bc80bad2220 -> 45cc23141d36926881d69e4d2f8950c7
  custom:video-encoder-webm-vp8: eb34c28f22e8b96e1ab97ce403110664 -> 
  custom:audio-decoder-ogg-vorbis: bf7c407c2cedff20999df2af8eb42d56 -> 
  custom:scripting/monoscript/fileName/RiderScriptEditorDataPersisted.cs: 86b94c4c59f51e667ab7e1f2d997c184 -> 93e7c36b8be60b7055550adb6ace534f
  custom:scripting/monoscript/fileName/AssemblyNameProvider.cs: f63063a40ba042a668ddbcd339fb9332 -> 5210529ddc67cdb852122f447527c528
  custom:scripting/monoscript/fileName/EditorPluginInterop.cs: 1a28103090f24bb43afd0997a69f9b48 -> 087796556f1ed2025e28209e52d82ccc
  custom:scripting/monoscript/fileName/RiderScriptEditorData.cs: ac763da56c18afcbbc99b7cf67651110 -> fb9aed0c9d95878995d450a00d549f78
  custom:scripting/monoscript/fileName/RiderTestRunner.cs: a09449e7603772ef60589c92d46be0c3 -> b9ea3ff0565ae2955ea8f15dd6e578d4
  custom:audio-encoder-webm-vorbis: bf7c407c2cedff20999df2af8eb42d56 -> 
  custom:scripting/monoscript/fileName/PluginSettings.cs: 727424108b6598a2387dd87fa5ed687f -> 4ee82f9c59f87f1dece05e6b9763c365
  custom:scripting/monoscript/fileName/LibcNativeInterop.cs: c73f097a3ef89ebf41e7633fc6e71aff -> 77c1db6bef2e1063dc874463b520ed18
  custom:scripting/monoscript/fileName/CallbackData.cs: 244f50edb9a06e595eeca45abc022db5 -> b15b13425eedd78fb5c4fc4930a9e8b4
========================================================================
Received Prepare
Begin MonoManager ReloadAssembly
Symbol file LoadedFromMemory doesn't match image C:\Users\danij\Desktop\Dev\HexaBlast\HexaBlast\Library\PackageCache\com.unity.visualscripting@1.8.0\Editor\VisualScripting.Core\Dependencies\YamlDotNet\Unity.VisualScripting.YamlDotNet.dll
Symbol file LoadedFromMemory doesn't match image C:\Users\danij\Desktop\Dev\HexaBlast\HexaBlast\Library\PackageCache\com.unity.visualscripting@1.8.0\Editor\VisualScripting.Core\Dependencies\DotNetZip\Unity.VisualScripting.IonicZip.dll
- Loaded All Assemblies, in  0.971 seconds
Refreshing native plugins compatible for Editor in 6.43 ms, found 4 plugins.
Native extension for WindowsStandalone target not found
Native extension for iOS target not found
Native extension for Android target not found
Mono: successfully reloaded assembly
- Finished resetting the current domain, in  1.512 seconds
Domain Reload Profiling:
	ReloadAssembly (250ms)
		BeginReloadAssembly (171ms)
			ExecutionOrderSort (0ms)
			DisableScriptedObjects (13ms)
			BackupInstance (0ms)
			ReleaseScriptingObjects (0ms)
			CreateAndSetChildDomain (43ms)
		LoadAllAssembliesAndSetupDomain (715ms)
			LoadAssemblies (366ms)
			RebuildTransferFunctionScriptingTraits (0ms)
			SetupTypeCache (417ms)
				TypeCache.Initialize (400ms)
					TypeCache.ScanAssembly (389ms)
				ResolveRequiredComponents (11ms)
		FinalizeReload (0ms)
			ReleaseScriptCaches (0ms)
			RebuildScriptCaches (0ms)
			SetupLoadedEditorAssemblies (508ms)
				LogAssemblyErrors (0ms)
				InitializePlatformSupportModulesInManaged (34ms)
				SetLoadedEditorAssemblies (5ms)
				RefreshPlugins (0ms)
				BeforeProcessingInitializeOnLoad (100ms)
				ProcessInitializeOnLoadAttributes (291ms)
				ProcessInitializeOnLoadMethodAttributes (68ms)
				AfterProcessingInitializeOnLoad (10ms)
				EditorAssembliesLoaded (0ms)
			ExecutionOrderSort2 (0ms)
			AwakeInstancesAfterBackupRestoration (35ms)
Refreshing native plugins compatible for Editor in 6.23 ms, found 4 plugins.
Preloading 0 native plugins for Editor in 0.00 ms.
Unloading 5606 Unused Serialized files (Serialized files now loaded: 0)
Unloading 64 unused Assets / (1.0 MB). Loaded Objects now: 6514.
Memory consumption went from 213.4 MB to 212.4 MB.
Total: 3.985600 ms (FindLiveObjects: 0.482500 ms CreateObjectMapping: 0.498100 ms MarkObjects: 2.563900 ms  DeleteObjects: 0.440200 ms)

Prepare: number of updated asset objects reloaded= 0
AssetImportParameters requested are different than current active one (requested -> active):
  custom:scripting/monoscript/fileName/TestsCallback.cs: 6648df980912e96eaae5c39374242936 -> 420027d2a6ccaf7376f849b0f965edcd
  custom:scripting/monoscript/fileName/ProjectPart.cs: fa153b81a1be75d157e4b8a3e4771fc2 -> e09789f5d21ec839c23f3a2c8c340a5a
  custom:scripting/monoscript/fileName/SolutionGuidGenerator.cs: fff5e43ac88ff72f14745857eb692caa -> 39a21c4f5e351b9b4a2916e800641a4a
  custom:container-demuxer-ogg: 62fdf1f143b41e24485cea50d1cbac27 -> 
  custom:video-decoder-ogg-theora: a1e56fd34408186e4bbccfd4996cb3dc -> 
  custom:scripting/monoscript/fileName/CommandLineParser.cs: a5ce035a20fc026f12db6b796b898d65 -> 25c8ce1c1ecf3aba3903da1187b88166
  custom:scripting/monoscript/fileName/RiderScriptEditor.cs: 4a0f526f1b31c7d9c331714a284a6791 -> 4ddd2581343451de6f696adaf8c0958f
  custom:framework-win-MediaFoundation: 216162199b28c13a410421893ffa2e32 -> 
  custom:scripting/monoscript/fileName/LastWriteTracker.cs: e117305b6c922c0adb79679b01fac2c8 -> c78bd5b4fa28ac60ca7ed50f9c2b99d2
  custom:scripting/monoscript/fileName/RiderStyles.cs: cd129c7ac3790ffa53f73149c91a781a -> 871a958d95b29e48af876a5d411c626a
  custom:scripting/monoscript/fileName/RiderInitializer.cs: 68ef77945a5c56741cb9a0219dfe7657 -> d44ce07d40dcd4d066b6c1c8d08f3519
  custom:scripting/monoscript/fileName/TestEvent.cs: 600966b5c87333333e8aa4555a03efa6 -> ff94f6973aa3f0db280f3ed0b7577e48
  custom:scripting/monoscript/fileName/IFileIO.cs: f591b2fd0e7a5b3d1b89896fce5380e7 -> d1715877724f6e7813b95bae6fbc24d5
  custom:scripting/monoscript/fileName/ProjectGeneration.cs: 5369d873b23a6ef259aed3457e422bfa -> 9a60ae906ea060222f7967033c27f7ed
  custom:scripting/monoscript/fileName/RiderPathUtil.cs: b3d293b09b57cc7b91d500a8b861ad70 -> a77167e74e3a3d01856e2c8265c09e64
  custom:container-demuxer-webm: 4f35f7cbe854078d1ac9338744f61a02 -> 
  custom:scripting/monoscript/fileName/SyncTestRunCallback.cs: 6109fbb45740725119ed9609ae2cb6ab -> 0f406f4b09f3b7bd1bfd8f867df2e978
  custom:scripting/monoscript/fileName/CallbackInitializer.cs: d227e453fc55ff33477a0f8f90826257 -> b6cad195ed4890ee7aed8c4de2807157
  custom:scripting/monoscript/fileName/SyncTestRunEventsHandler.cs: a9e2807330a6f2c36d667ee1a2c4f414 -> 9ebe337aca2d71ac02fccc5c886e0668
  custom:scripting/monoscript/fileName/StringUtils.cs: 200f5307597eeab8c00b86aef1ee800c -> 2be5fb51e6f0660c955416f4d8f6f7ad
  custom:scripting/monoscript/fileName/IGenerator.cs: e53c624814a84a932e0860f584f7deb9 -> 7460422a7cf0a449df86606b185ffb0e
  custom:scripting/monoscript/fileName/IAssemblyNameProvider.cs: de79d586ca221e8ac344be669ec25f7e -> 005dc9d9c07dc825fea94e0fbc841e20
  custom:scripting/monoscript/fileName/GUIDProvider.cs: 27f6b36734be7c6510b3f0cc4a697fc7 -> cdd3f47e4fe593d2dfdf9915fa537e3f
  custom:container-muxer-webm: aa71ff27fc2769a1b78a27578f13a17b -> 
  custom:scripting/monoscript/fileName/IGUIDGenerator.cs: 153317bb7bf55f081a729ef02e3a13bd -> bad2c2e3b2dbec33c36bdfd6fc903e19
  custom:video-decoder-webm-vp8: 9c59270c3fd7afecdb556c50c9e8de78 -> 
  custom:scripting/monoscript/fileName/RiderAssetPostprocessor.cs: e6ad4f374cd20986773f123ef82b628b -> e95044eb94149eee30f5192e36c02104
  custom:scripting/monoscript/fileName/SerializableVersion.cs: 37d1dc623e9e336a7d92f02239a5eea0 -> 66cf30c0372dc35aea960f71af56ff8a
  custom:AudioImporter_EditorPlatform: d09bf68614088b80899f8185d706f6e7 -> 
  custom:scripting/monoscript/fileName/RiderMenu.cs: 2f14cf7eed9a2ad63962ab0ec2641b7b -> a430c0ff873704a92fbd3fa96f173c8d
  custom:scripting/monoscript/fileName/Discovery.cs: 4965ec8144dbbdacdf8182eec43c07e4 -> fd3ef4968f52e76fbead1b2807cd115f
  custom:scripting/monoscript/fileName/FileIOProvider.cs: cd91aaa86c461e807d984ea50a1f782b -> 304525d180d2b661ce338fc8a3225752
  custom:scripting/monoscript/fileName/FileSystemUtil.cs: 6856b263874916a35e9cabf0faa6bad8 -> 3a1d37ca0015bdfbd542c903cf738043
  custom:scripting/monoscript/fileName/StartUpMethodExecutor.cs: ecce11359b7760342ad14bc80bad2220 -> 45cc23141d36926881d69e4d2f8950c7
  custom:video-encoder-webm-vp8: eb34c28f22e8b96e1ab97ce403110664 -> 
  custom:audio-decoder-ogg-vorbis: bf7c407c2cedff20999df2af8eb42d56 -> 
  custom:scripting/monoscript/fileName/RiderScriptEditorDataPersisted.cs: 86b94c4c59f51e667ab7e1f2d997c184 -> 93e7c36b8be60b7055550adb6ace534f
  custom:scripting/monoscript/fileName/AssemblyNameProvider.cs: f63063a40ba042a668ddbcd339fb9332 -> 5210529ddc67cdb852122f447527c528
  custom:scripting/monoscript/fileName/EditorPluginInterop.cs: 1a28103090f24bb43afd0997a69f9b48 -> 087796556f1ed2025e28209e52d82ccc
  custom:scripting/monoscript/fileName/RiderScriptEditorData.cs: ac763da56c18afcbbc99b7cf67651110 -> fb9aed0c9d95878995d450a00d549f78
  custom:scripting/monoscript/fileName/RiderTestRunner.cs: a09449e7603772ef60589c92d46be0c3 -> b9ea3ff0565ae2955ea8f15dd6e578d4
  custom:audio-encoder-webm-vorbis: bf7c407c2cedff20999df2af8eb42d56 -> 
  custom:scripting/monoscript/fileName/PluginSettings.cs: 727424108b6598a2387dd87fa5ed687f -> 4ee82f9c59f87f1dece05e6b9763c365
  custom:scripting/monoscript/fileName/LibcNativeInterop.cs: c73f097a3ef89ebf41e7633fc6e71aff -> 77c1db6bef2e1063dc874463b520ed18
  custom:scripting/monoscript/fileName/CallbackData.cs: 244f50edb9a06e595eeca45abc022db5 -> b15b13425eedd78fb5c4fc4930a9e8b4
========================================================================
Received Prepare
Begin MonoManager ReloadAssembly
Symbol file LoadedFromMemory doesn't match image C:\Users\danij\Desktop\Dev\HexaBlast\HexaBlast\Library\PackageCache\com.unity.visualscripting@1.8.0\Editor\VisualScripting.Core\Dependencies\YamlDotNet\Unity.VisualScripting.YamlDotNet.dll
Symbol file LoadedFromMemory doesn't match image C:\Users\danij\Desktop\Dev\HexaBlast\HexaBlast\Library\PackageCache\com.unity.visualscripting@1.8.0\Editor\VisualScripting.Core\Dependencies\DotNetZip\Unity.VisualScripting.IonicZip.dll
- Loaded All Assemblies, in  0.957 seconds
Refreshing native plugins compatible for Editor in 6.18 ms, found 4 plugins.
Native extension for WindowsStandalone target not found
Native extension for iOS target not found
Native extension for Android target not found
Mono: successfully reloaded assembly
- Finished resetting the current domain, in  1.429 seconds
Domain Reload Profiling:
	ReloadAssembly (285ms)
		BeginReloadAssembly (195ms)
			ExecutionOrderSort (0ms)
			DisableScriptedObjects (18ms)
			BackupInstance (0ms)
			ReleaseScriptingObjects (0ms)
			CreateAndSetChildDomain (53ms)
		LoadAllAssembliesAndSetupDomain (666ms)
			LoadAssemblies (371ms)
			RebuildTransferFunctionScriptingTraits (0ms)
			SetupTypeCache (370ms)
				TypeCache.Initialize (354ms)
					TypeCache.ScanAssembly (347ms)
				ResolveRequiredComponents (10ms)
		FinalizeReload (0ms)
			ReleaseScriptCaches (0ms)
			RebuildScriptCaches (0ms)
			SetupLoadedEditorAssemblies (502ms)
				LogAssemblyErrors (0ms)
				InitializePlatformSupportModulesInManaged (46ms)
				SetLoadedEditorAssemblies (6ms)
				RefreshPlugins (0ms)
				BeforeProcessingInitializeOnLoad (91ms)
				ProcessInitializeOnLoadAttributes (281ms)
				ProcessInitializeOnLoadMethodAttributes (69ms)
				AfterProcessingInitializeOnLoad (10ms)
				EditorAssembliesLoaded (0ms)
			ExecutionOrderSort2 (0ms)
			AwakeInstancesAfterBackupRestoration (31ms)
Refreshing native plugins compatible for Editor in 9.23 ms, found 4 plugins.
Preloading 0 native plugins for Editor in 0.00 ms.
Unloading 5606 Unused Serialized files (Serialized files now loaded: 0)
Unloading 64 unused Assets / (1.0 MB). Loaded Objects now: 6519.
Memory consumption went from 213.4 MB to 212.4 MB.
Total: 6.801500 ms (FindLiveObjects: 1.202800 ms CreateObjectMapping: 0.816200 ms MarkObjects: 4.041200 ms  DeleteObjects: 0.739800 ms)

Prepare: number of updated asset objects reloaded= 0
AssetImportParameters requested are different than current active one (requested -> active):
  custom:scripting/monoscript/fileName/TestsCallback.cs: 6648df980912e96eaae5c39374242936 -> 420027d2a6ccaf7376f849b0f965edcd
  custom:scripting/monoscript/fileName/ProjectPart.cs: fa153b81a1be75d157e4b8a3e4771fc2 -> e09789f5d21ec839c23f3a2c8c340a5a
  custom:scripting/monoscript/fileName/SolutionGuidGenerator.cs: fff5e43ac88ff72f14745857eb692caa -> 39a21c4f5e351b9b4a2916e800641a4a
  custom:container-demuxer-ogg: 62fdf1f143b41e24485cea50d1cbac27 -> 
  custom:video-decoder-ogg-theora: a1e56fd34408186e4bbccfd4996cb3dc -> 
  custom:scripting/monoscript/fileName/CommandLineParser.cs: a5ce035a20fc026f12db6b796b898d65 -> 25c8ce1c1ecf3aba3903da1187b88166
  custom:scripting/monoscript/fileName/RiderScriptEditor.cs: 4a0f526f1b31c7d9c331714a284a6791 -> 4ddd2581343451de6f696adaf8c0958f
  custom:framework-win-MediaFoundation: 216162199b28c13a410421893ffa2e32 -> 
  custom:scripting/monoscript/fileName/LastWriteTracker.cs: e117305b6c922c0adb79679b01fac2c8 -> c78bd5b4fa28ac60ca7ed50f9c2b99d2
  custom:scripting/monoscript/fileName/RiderStyles.cs: cd129c7ac3790ffa53f73149c91a781a -> 871a958d95b29e48af876a5d411c626a
  custom:scripting/monoscript/fileName/RiderInitializer.cs: 68ef77945a5c56741cb9a0219dfe7657 -> d44ce07d40dcd4d066b6c1c8d08f3519
  custom:scripting/monoscript/fileName/TestEvent.cs: 600966b5c87333333e8aa4555a03efa6 -> ff94f6973aa3f0db280f3ed0b7577e48
  custom:scripting/monoscript/fileName/IFileIO.cs: f591b2fd0e7a5b3d1b89896fce5380e7 -> d1715877724f6e7813b95bae6fbc24d5
  custom:scripting/monoscript/fileName/ProjectGeneration.cs: 5369d873b23a6ef259aed3457e422bfa -> 9a60ae906ea060222f7967033c27f7ed
  custom:scripting/monoscript/fileName/RiderPathUtil.cs: b3d293b09b57cc7b91d500a8b861ad70 -> a77167e74e3a3d01856e2c8265c09e64
  custom:container-demuxer-webm: 4f35f7cbe854078d1ac9338744f61a02 -> 
  custom:scripting/monoscript/fileName/SyncTestRunCallback.cs: 6109fbb45740725119ed9609ae2cb6ab -> 0f406f4b09f3b7bd1bfd8f867df2e978
  custom:scripting/monoscript/fileName/CallbackInitializer.cs: d227e453fc55ff33477a0f8f90826257 -> b6cad195ed4890ee7aed8c4de2807157
  custom:scripting/monoscript/fileName/SyncTestRunEventsHandler.cs: a9e2807330a6f2c36d667ee1a2c4f414 -> 9ebe337aca2d71ac02fccc5c886e0668
  custom:scripting/monoscript/fileName/StringUtils.cs: 200f5307597eeab8c00b86aef1ee800c -> 2be5fb51e6f0660c955416f4d8f6f7ad
  custom:scripting/monoscript/fileName/IGenerator.cs: e53c624814a84a932e0860f584f7deb9 -> 7460422a7cf0a449df86606b185ffb0e
  custom:scripting/monoscript/fileName/IAssemblyNameProvider.cs: de79d586ca221e8ac344be669ec25f7e -> 005dc9d9c07dc825fea94e0fbc841e20
  custom:scripting/monoscript/fileName/GUIDProvider.cs: 27f6b36734be7c6510b3f0cc4a697fc7 -> cdd3f47e4fe593d2dfdf9915fa537e3f
  custom:container-muxer-webm: aa71ff27fc2769a1b78a27578f13a17b -> 
  custom:scripting/monoscript/fileName/IGUIDGenerator.cs: 153317bb7bf55f081a729ef02e3a13bd -> bad2c2e3b2dbec33c36bdfd6fc903e19
  custom:video-decoder-webm-vp8: 9c59270c3fd7afecdb556c50c9e8de78 -> 
  custom:scripting/monoscript/fileName/RiderAssetPostprocessor.cs: e6ad4f374cd20986773f123ef82b628b -> e95044eb94149eee30f5192e36c02104
  custom:scripting/monoscript/fileName/SerializableVersion.cs: 37d1dc623e9e336a7d92f02239a5eea0 -> 66cf30c0372dc35aea960f71af56ff8a
  custom:AudioImporter_EditorPlatform: d09bf68614088b80899f8185d706f6e7 -> 
  custom:scripting/monoscript/fileName/RiderMenu.cs: 2f14cf7eed9a2ad63962ab0ec2641b7b -> a430c0ff873704a92fbd3fa96f173c8d
  custom:scripting/monoscript/fileName/Discovery.cs: 4965ec8144dbbdacdf8182eec43c07e4 -> fd3ef4968f52e76fbead1b2807cd115f
  custom:scripting/monoscript/fileName/FileIOProvider.cs: cd91aaa86c461e807d984ea50a1f782b -> 304525d180d2b661ce338fc8a3225752
  custom:scripting/monoscript/fileName/FileSystemUtil.cs: 6856b263874916a35e9cabf0faa6bad8 -> 3a1d37ca0015bdfbd542c903cf738043
  custom:scripting/monoscript/fileName/StartUpMethodExecutor.cs: ecce11359b7760342ad14bc80bad2220 -> 45cc23141d36926881d69e4d2f8950c7
  custom:video-encoder-webm-vp8: eb34c28f22e8b96e1ab97ce403110664 -> 
  custom:audio-decoder-ogg-vorbis: bf7c407c2cedff20999df2af8eb42d56 -> 
  custom:scripting/monoscript/fileName/RiderScriptEditorDataPersisted.cs: 86b94c4c59f51e667ab7e1f2d997c184 -> 93e7c36b8be60b7055550adb6ace534f
  custom:scripting/monoscript/fileName/AssemblyNameProvider.cs: f63063a40ba042a668ddbcd339fb9332 -> 5210529ddc67cdb852122f447527c528
  custom:scripting/monoscript/fileName/EditorPluginInterop.cs: 1a28103090f24bb43afd0997a69f9b48 -> 087796556f1ed2025e28209e52d82ccc
  custom:scripting/monoscript/fileName/RiderScriptEditorData.cs: ac763da56c18afcbbc99b7cf67651110 -> fb9aed0c9d95878995d450a00d549f78
  custom:scripting/monoscript/fileName/RiderTestRunner.cs: a09449e7603772ef60589c92d46be0c3 -> b9ea3ff0565ae2955ea8f15dd6e578d4
  custom:audio-encoder-webm-vorbis: bf7c407c2cedff20999df2af8eb42d56 -> 
  custom:scripting/monoscript/fileName/PluginSettings.cs: 727424108b6598a2387dd87fa5ed687f -> 4ee82f9c59f87f1dece05e6b9763c365
  custom:scripting/monoscript/fileName/LibcNativeInterop.cs: c73f097a3ef89ebf41e7633fc6e71aff -> 77c1db6bef2e1063dc874463b520ed18
  custom:scripting/monoscript/fileName/CallbackData.cs: 244f50edb9a06e595eeca45abc022db5 -> b15b13425eedd78fb5c4fc4930a9e8b4
========================================================================
Received Prepare
Begin MonoManager ReloadAssembly
Symbol file LoadedFromMemory doesn't match image C:\Users\danij\Desktop\Dev\HexaBlast\HexaBlast\Library\PackageCache\com.unity.visualscripting@1.8.0\Editor\VisualScripting.Core\Dependencies\YamlDotNet\Unity.VisualScripting.YamlDotNet.dll
Symbol file LoadedFromMemory doesn't match image C:\Users\danij\Desktop\Dev\HexaBlast\HexaBlast\Library\PackageCache\com.unity.visualscripting@1.8.0\Editor\VisualScripting.Core\Dependencies\DotNetZip\Unity.VisualScripting.IonicZip.dll
- Loaded All Assemblies, in  1.004 seconds
Refreshing native plugins compatible for Editor in 8.64 ms, found 4 plugins.
Native extension for WindowsStandalone target not found
Native extension for iOS target not found
Native extension for Android target not found
Mono: successfully reloaded assembly
- Finished resetting the current domain, in  1.471 seconds
Domain Reload Profiling:
	ReloadAssembly (299ms)
		BeginReloadAssembly (184ms)
			ExecutionOrderSort (0ms)
			DisableScriptedObjects (11ms)
			BackupInstance (0ms)
			ReleaseScriptingObjects (0ms)
			CreateAndSetChildDomain (49ms)
		LoadAllAssembliesAndSetupDomain (699ms)
			LoadAssemblies (386ms)
			RebuildTransferFunctionScriptingTraits (0ms)
			SetupTypeCache (385ms)
				TypeCache.Initialize (361ms)
					TypeCache.ScanAssembly (354ms)
				ResolveRequiredComponents (19ms)
		FinalizeReload (0ms)
			ReleaseScriptCaches (0ms)
			RebuildScriptCaches (0ms)
			SetupLoadedEditorAssemblies (511ms)
				LogAssemblyErrors (0ms)
				InitializePlatformSupportModulesInManaged (37ms)
				SetLoadedEditorAssemblies (4ms)
				RefreshPlugins (0ms)
				BeforeProcessingInitializeOnLoad (89ms)
				ProcessInitializeOnLoadAttributes (253ms)
				ProcessInitializeOnLoadMethodAttributes (114ms)
				AfterProcessingInitializeOnLoad (13ms)
				EditorAssembliesLoaded (0ms)
			ExecutionOrderSort2 (0ms)
			AwakeInstancesAfterBackupRestoration (43ms)
Refreshing native plugins compatible for Editor in 8.37 ms, found 4 plugins.
Preloading 0 native plugins for Editor in 0.00 ms.
Unloading 5606 Unused Serialized files (Serialized files now loaded: 0)
Unloading 64 unused Assets / (1.0 MB). Loaded Objects now: 6524.
Memory consumption went from 213.4 MB to 212.4 MB.
Total: 5.208000 ms (FindLiveObjects: 0.524000 ms CreateObjectMapping: 0.578300 ms MarkObjects: 3.535700 ms  DeleteObjects: 0.568800 ms)

Prepare: number of updated asset objects reloaded= 0
AssetImportParameters requested are different than current active one (requested -> active):
  custom:scripting/monoscript/fileName/TestsCallback.cs: 6648df980912e96eaae5c39374242936 -> 420027d2a6ccaf7376f849b0f965edcd
  custom:scripting/monoscript/fileName/ProjectPart.cs: fa153b81a1be75d157e4b8a3e4771fc2 -> e09789f5d21ec839c23f3a2c8c340a5a
  custom:scripting/monoscript/fileName/SolutionGuidGenerator.cs: fff5e43ac88ff72f14745857eb692caa -> 39a21c4f5e351b9b4a2916e800641a4a
  custom:container-demuxer-ogg: 62fdf1f143b41e24485cea50d1cbac27 -> 
  custom:video-decoder-ogg-theora: a1e56fd34408186e4bbccfd4996cb3dc -> 
  custom:scripting/monoscript/fileName/CommandLineParser.cs: a5ce035a20fc026f12db6b796b898d65 -> 25c8ce1c1ecf3aba3903da1187b88166
  custom:scripting/monoscript/fileName/RiderScriptEditor.cs: 4a0f526f1b31c7d9c331714a284a6791 -> 4ddd2581343451de6f696adaf8c0958f
  custom:framework-win-MediaFoundation: 216162199b28c13a410421893ffa2e32 -> 
  custom:scripting/monoscript/fileName/LastWriteTracker.cs: e117305b6c922c0adb79679b01fac2c8 -> c78bd5b4fa28ac60ca7ed50f9c2b99d2
  custom:scripting/monoscript/fileName/RiderStyles.cs: cd129c7ac3790ffa53f73149c91a781a -> 871a958d95b29e48af876a5d411c626a
  custom:scripting/monoscript/fileName/RiderInitializer.cs: 68ef77945a5c56741cb9a0219dfe7657 -> d44ce07d40dcd4d066b6c1c8d08f3519
  custom:scripting/monoscript/fileName/TestEvent.cs: 600966b5c87333333e8aa4555a03efa6 -> ff94f6973aa3f0db280f3ed0b7577e48
  custom:scripting/monoscript/fileName/IFileIO.cs: f591b2fd0e7a5b3d1b89896fce5380e7 -> d1715877724f6e7813b95bae6fbc24d5
  custom:scripting/monoscript/fileName/ProjectGeneration.cs: 5369d873b23a6ef259aed3457e422bfa -> 9a60ae906ea060222f7967033c27f7ed
  custom:scripting/monoscript/fileName/RiderPathUtil.cs: b3d293b09b57cc7b91d500a8b861ad70 -> a77167e74e3a3d01856e2c8265c09e64
  custom:container-demuxer-webm: 4f35f7cbe854078d1ac9338744f61a02 -> 
  custom:scripting/monoscript/fileName/SyncTestRunCallback.cs: 6109fbb45740725119ed9609ae2cb6ab -> 0f406f4b09f3b7bd1bfd8f867df2e978
  custom:scripting/monoscript/fileName/CallbackInitializer.cs: d227e453fc55ff33477a0f8f90826257 -> b6cad195ed4890ee7aed8c4de2807157
  custom:scripting/monoscript/fileName/SyncTestRunEventsHandler.cs: a9e2807330a6f2c36d667ee1a2c4f414 -> 9ebe337aca2d71ac02fccc5c886e0668
  custom:scripting/monoscript/fileName/StringUtils.cs: 200f5307597eeab8c00b86aef1ee800c -> 2be5fb51e6f0660c955416f4d8f6f7ad
  custom:scripting/monoscript/fileName/IGenerator.cs: e53c624814a84a932e0860f584f7deb9 -> 7460422a7cf0a449df86606b185ffb0e
  custom:scripting/monoscript/fileName/IAssemblyNameProvider.cs: de79d586ca221e8ac344be669ec25f7e -> 005dc9d9c07dc825fea94e0fbc841e20
  custom:scripting/monoscript/fileName/GUIDProvider.cs: 27f6b36734be7c6510b3f0cc4a697fc7 -> cdd3f47e4fe593d2dfdf9915fa537e3f
  custom:container-muxer-webm: aa71ff27fc2769a1b78a27578f13a17b -> 
  custom:scripting/monoscript/fileName/IGUIDGenerator.cs: 153317bb7bf55f081a729ef02e3a13bd -> bad2c2e3b2dbec33c36bdfd6fc903e19
  custom:video-decoder-webm-vp8: 9c59270c3fd7afecdb556c50c9e8de78 -> 
  custom:scripting/monoscript/fileName/RiderAssetPostprocessor.cs: e6ad4f374cd20986773f123ef82b628b -> e95044eb94149eee30f5192e36c02104
  custom:scripting/monoscript/fileName/SerializableVersion.cs: 37d1dc623e9e336a7d92f02239a5eea0 -> 66cf30c0372dc35aea960f71af56ff8a
  custom:AudioImporter_EditorPlatform: d09bf68614088b80899f8185d706f6e7 -> 
  custom:scripting/monoscript/fileName/RiderMenu.cs: 2f14cf7eed9a2ad63962ab0ec2641b7b -> a430c0ff873704a92fbd3fa96f173c8d
  custom:scripting/monoscript/fileName/Discovery.cs: 4965ec8144dbbdacdf8182eec43c07e4 -> fd3ef4968f52e76fbead1b2807cd115f
  custom:scripting/monoscript/fileName/FileIOProvider.cs: cd91aaa86c461e807d984ea50a1f782b -> 304525d180d2b661ce338fc8a3225752
  custom:scripting/monoscript/fileName/FileSystemUtil.cs: 6856b263874916a35e9cabf0faa6bad8 -> 3a1d37ca0015bdfbd542c903cf738043
  custom:scripting/monoscript/fileName/StartUpMethodExecutor.cs: ecce11359b7760342ad14bc80bad2220 -> 45cc23141d36926881d69e4d2f8950c7
  custom:video-encoder-webm-vp8: eb34c28f22e8b96e1ab97ce403110664 -> 
  custom:audio-decoder-ogg-vorbis: bf7c407c2cedff20999df2af8eb42d56 -> 
  custom:scripting/monoscript/fileName/RiderScriptEditorDataPersisted.cs: 86b94c4c59f51e667ab7e1f2d997c184 -> 93e7c36b8be60b7055550adb6ace534f
  custom:scripting/monoscript/fileName/AssemblyNameProvider.cs: f63063a40ba042a668ddbcd339fb9332 -> 5210529ddc67cdb852122f447527c528
  custom:scripting/monoscript/fileName/EditorPluginInterop.cs: 1a28103090f24bb43afd0997a69f9b48 -> 087796556f1ed2025e28209e52d82ccc
  custom:scripting/monoscript/fileName/RiderScriptEditorData.cs: ac763da56c18afcbbc99b7cf67651110 -> fb9aed0c9d95878995d450a00d549f78
  custom:scripting/monoscript/fileName/RiderTestRunner.cs: a09449e7603772ef60589c92d46be0c3 -> b9ea3ff0565ae2955ea8f15dd6e578d4
  custom:audio-encoder-webm-vorbis: bf7c407c2cedff20999df2af8eb42d56 -> 
  custom:scripting/monoscript/fileName/PluginSettings.cs: 727424108b6598a2387dd87fa5ed687f -> 4ee82f9c59f87f1dece05e6b9763c365
  custom:scripting/monoscript/fileName/LibcNativeInterop.cs: c73f097a3ef89ebf41e7633fc6e71aff -> 77c1db6bef2e1063dc874463b520ed18
  custom:scripting/monoscript/fileName/CallbackData.cs: 244f50edb9a06e595eeca45abc022db5 -> b15b13425eedd78fb5c4fc4930a9e8b4
========================================================================
Received Import Request.
  Time since last request: 379.815085 seconds.
  path: Assets/Tilemap/Tile_Number.prefab
  artifactKey: Guid(6eda3686724050a45a2b65af84b42ce7) Importer(815301076,1909f56bfc062723c751e8b465ee728b)
Start importing Assets/Tilemap/Tile_Number.prefab using Guid(6eda3686724050a45a2b65af84b42ce7) Importer(815301076,1909f56bfc062723c751e8b465ee728b)  -> (artifact id: '347184976e51f2c797a022424d1a11bb') in 0.326251 seconds
Number of updated asset objects reloaded before import = 0
Number of asset objects unloaded after import = 371
========================================================================
Received Import Request.
  Time since last request: 126.652050 seconds.
  path: Assets/Shapes/Scripts/Runtime/Utils/ShapesTextPool.cs
  artifactKey: Guid(25b21c115e6236745a5811fb933d9f32) Importer(815301076,1909f56bfc062723c751e8b465ee728b)
Start importing Assets/Shapes/Scripts/Runtime/Utils/ShapesTextPool.cs using Guid(25b21c115e6236745a5811fb933d9f32) Importer(815301076,1909f56bfc062723c751e8b465ee728b)  -> (artifact id: 'fe2187927fefba00c59f6da5d0498b95') in 0.000743 seconds
Number of updated asset objects reloaded before import = 0
Number of asset objects unloaded after import = 0
